Log file open, 11/19/20 20:26:13
LogInit: Display: Running engine for game: PacMan
LogPlatformFile: Not using cached read wrapper
LogTaskGraph: Started task graph with 5 named threads and 14 total threads with 3 sets of task threads.
LogStats: Stats thread started at 0.202001
LogD3D11RHI: Loaded GFSDK_Aftermath_Lib.x64.dll
LogICUInternationalization: ICU TimeZone Detection - Raw Offset: -6:00, Platform Override: ''
LogPluginManager: Mounting plugin Paper2D
LogPluginManager: Mounting plugin AISupport
LogPluginManager: Mounting plugin LightPropagationVolume
LogPluginManager: Mounting plugin CameraShakePreviewer
LogPluginManager: Mounting plugin ActorLayerUtilities
LogPluginManager: Mounting plugin AnimationSharing
LogPluginManager: Mounting plugin CLionSourceCodeAccess
LogPluginManager: Mounting plugin CodeLiteSourceCodeAccess
LogPluginManager: Mounting plugin GitSourceControl
LogPluginManager: Mounting plugin KDevelopSourceCodeAccess
LogPluginManager: Mounting plugin NullSourceCodeAccess
LogPluginManager: Mounting plugin PerforceSourceControl
LogPluginManager: Mounting plugin PlasticSourceControl
LogPluginManager: Mounting plugin RiderSourceCodeAccess
LogPluginManager: Mounting plugin SubversionSourceControl
LogPluginManager: Mounting plugin UObjectPlugin
LogPluginManager: Mounting plugin VisualStudioCodeSourceCodeAccess
LogPluginManager: Mounting plugin VisualStudioSourceCodeAccess
LogPluginManager: Mounting plugin XCodeSourceCodeAccess
LogPluginManager: Mounting plugin AssetManagerEditor
LogPluginManager: Mounting plugin CryptoKeys
LogPluginManager: Mounting plugin CurveEditorTools
LogPluginManager: Mounting plugin DataValidation
LogPluginManager: Mounting plugin EditorScriptingUtilities
LogPluginManager: Mounting plugin FacialAnimation
LogPluginManager: Mounting plugin GameplayTagsEditor
LogPluginManager: Mounting plugin GeometryMode
LogPluginManager: Mounting plugin MacGraphicsSwitching
LogPluginManager: Mounting plugin MaterialAnalyzer
LogPluginManager: Mounting plugin MobileLauncherProfileWizard
LogPluginManager: Mounting plugin PluginBrowser
LogPluginManager: Mounting plugin SpeedTreeImporter
LogPluginManager: Mounting plugin DatasmithContent
LogPluginManager: Mounting plugin VariantManagerContent
LogPluginManager: Mounting plugin AlembicImporter
LogPluginManager: Mounting plugin AutomationUtils
LogPluginManager: Mounting plugin BackChannel
LogPluginManager: Mounting plugin ChaosCloth
LogPluginManager: Mounting plugin ChaosClothEditor
LogPluginManager: Mounting plugin ChaosEditor
LogPluginManager: Mounting plugin ChaosNiagara
LogPluginManager: Mounting plugin ChaosSolverPlugin
LogPluginManager: Mounting plugin CharacterAI
LogPluginManager: Mounting plugin GeometryCache
LogPluginManager: Mounting plugin GeometryCollectionPlugin
LogPluginManager: Mounting plugin GeometryProcessing
LogPluginManager: Mounting plugin PlanarCut
LogPluginManager: Mounting plugin PlatformCrypto
LogPluginManager: Mounting plugin ProxyLODPlugin
LogPluginManager: Mounting plugin SkeletalReduction
LogPluginManager: Mounting plugin Niagara
LogPluginManager: Mounting plugin MagicLeap
LogPluginManager: Mounting plugin MagicLeapLightEstimation
LogPluginManager: Mounting plugin MagicLeapMedia
LogPluginManager: Mounting plugin MagicLeapPassableWorld
LogPluginManager: Mounting plugin MLSDK
LogPluginManager: Mounting plugin AndroidMedia
LogPluginManager: Mounting plugin AvfMedia
LogPluginManager: Mounting plugin ImgMedia
LogPluginManager: Mounting plugin MediaCompositing
LogPluginManager: Mounting plugin MediaPlayerEditor
LogPluginManager: Mounting plugin WebMMedia
LogPluginManager: Mounting plugin WmfMedia
LogPluginManager: Mounting plugin MeshPainting
LogPluginManager: Mounting plugin TcpMessaging
LogPluginManager: Mounting plugin UdpMessaging
LogPluginManager: Mounting plugin ActorSequence
LogPluginManager: Mounting plugin LevelSequenceEditor
LogPluginManager: Mounting plugin MatineeToLevelSequence
LogPluginManager: Mounting plugin MovieRenderPipeline
LogPluginManager: Mounting plugin TemplateSequence
LogPluginManager: Mounting plugin NetcodeUnitTest
LogPluginManager: Mounting plugin NUTUnrealEngine4
LogPluginManager: Mounting plugin OnlineSubsystemGooglePlay
LogPluginManager: Mounting plugin OnlineSubsystemIOS
LogPluginManager: Mounting plugin OnlineSubsystem
LogPluginManager: Mounting plugin OnlineSubsystemNull
LogPluginManager: Mounting plugin OnlineSubsystemUtils
LogPluginManager: Mounting plugin LauncherChunkInstaller
LogPluginManager: Mounting plugin AndroidDeviceProfileSelector
LogPluginManager: Mounting plugin AndroidMoviePlayer
LogPluginManager: Mounting plugin AndroidPermission
LogPluginManager: Mounting plugin AppleImageUtils
LogPluginManager: Mounting plugin AppleMoviePlayer
LogPluginManager: Mounting plugin ArchVisCharacter
LogPluginManager: Mounting plugin AssetTags
LogPluginManager: Mounting plugin AudioCapture
LogPluginManager: Mounting plugin CableComponent
LogPluginManager: Mounting plugin CustomMeshComponent
LogPluginManager: Mounting plugin EditableMesh
LogPluginManager: Mounting plugin ExampleDeviceProfileSelector
LogPluginManager: Mounting plugin GoogleCloudMessaging
LogPluginManager: Mounting plugin GooglePAD
LogPluginManager: Mounting plugin IOSDeviceProfileSelector
LogPluginManager: Mounting plugin LinuxDeviceProfileSelector
LogPluginManager: Mounting plugin LocationServicesBPLibrary
LogPluginManager: Mounting plugin MobilePatchingUtils
LogPluginManager: Mounting plugin OculusVR
LogPluginManager: Mounting plugin PhysXVehicles
LogPluginManager: Mounting plugin PostSplashScreen
LogPluginManager: Mounting plugin ProceduralMeshComponent
LogPluginManager: Mounting plugin RuntimePhysXCooking
LogPluginManager: Mounting plugin SignificanceManager
LogPluginManager: Mounting plugin SoundFields
LogPluginManager: Mounting plugin SteamVR
LogPluginManager: Mounting plugin Synthesis
LogPluginManager: Mounting plugin WebMMoviePlayer
LogPluginManager: Mounting plugin WindowsMoviePlayer
LogPluginManager: Mounting plugin ScreenshotTools
LogInit: Using libcurl 7.55.1-DEV
LogInit:  - built for x86_64-pc-win32
LogInit:  - supports SSL with OpenSSL/1.1.1
LogInit:  - supports HTTP deflate (compression) using libz 1.2.8
LogInit:  - other features:
LogInit:      CURL_VERSION_SSL
LogInit:      CURL_VERSION_LIBZ
LogInit:      CURL_VERSION_IPV6
LogInit:      CURL_VERSION_ASYNCHDNS
LogInit:      CURL_VERSION_LARGEFILE
LogInit:      CURL_VERSION_IDN
LogInit:  CurlRequestOptions (configurable via config and command line):
LogInit:  - bVerifyPeer = true  - Libcurl will verify peer certificate
LogInit:  - bUseHttpProxy = false  - Libcurl will NOT use HTTP proxy
LogInit:  - bDontReuseConnections = false  - Libcurl will reuse connections
LogInit:  - MaxHostConnections = 16  - Libcurl will limit the number of connections to a host
LogInit:  - LocalHostAddr = Default
LogInit:  - BufferSize = 65536
LogOnline: OSS: Creating online subsystem instance for: NULL
LogInit: WinSock: version 1.1 (2.2), MaxSocks=32767, MaxUdp=65467
LogOnline: OSS: TryLoadSubsystemAndSetDefault: Loaded subsystem for module [NULL]
LogInit: Build: ++UE4+Release-4.25-CL-13942748
LogInit: Engine Version: 4.25.3-13942748+++UE4+Release-4.25
LogInit: Compatible Engine Version: 4.25.0-13144385+++UE4+Release-4.25
LogInit: Net CL: 13144385
LogInit: OS: Windows 10 (Release 2004) (), CPU: Intel(R) Core(TM) i5-4570 CPU @ 3.20GHz, GPU: NVIDIA GeForce GTX 670
LogInit: Compiled (64-bit): Jul 25 2020 02:07:48
LogInit: Compiled with Visual C++: 19.24.28315.00
LogInit: Build Configuration: Development
LogInit: Branch Name: ++UE4+Release-4.25
LogInit: Command Line:  -EpicPortal -epicusername=ThunderDude1999 -epicuserid=781aeef3e49045af94abbb4012641896 -epiclocale=en
LogInit: Base Directory: C:/Program Files/Epic Games/UE_4.25/Engine/Binaries/Win64/
LogInit: Allocator: TBB
LogInit: Installed Engine Build: 1
LogDevObjectVersion: Number of dev versions registered: 26
LogDevObjectVersion:   Dev-Blueprints (B0D832E4-1F89-4F0D-ACCF-7EB736FD4AA2): 10
LogDevObjectVersion:   Dev-Build (E1C64328-A22C-4D53-A36C-8E866417BD8C): 0
LogDevObjectVersion:   Dev-Core (375EC13C-06E4-48FB-B500-84F0262A717E): 4
LogDevObjectVersion:   Dev-Editor (E4B068ED-F494-42E9-A231-DA0B2E46BB41): 38
LogDevObjectVersion:   Dev-Framework (CFFC743F-43B0-4480-9391-14DF171D2073): 37
LogDevObjectVersion:   Dev-Mobile (B02B49B5-BB20-44E9-A304-32B752E40360): 2
LogDevObjectVersion:   Dev-Networking (A4E4105C-59A1-49B5-A7C5-40C4547EDFEE): 0
LogDevObjectVersion:   Dev-Online (39C831C9-5AE6-47DC-9A44-9C173E1C8E7C): 0
LogDevObjectVersion:   Dev-Physics (78F01B33-EBEA-4F98-B9B4-84EACCB95AA2): 4
LogDevObjectVersion:   Dev-Platform (6631380F-2D4D-43E0-8009-CF276956A95A): 0
LogDevObjectVersion:   Dev-Rendering (12F88B9F-8875-4AFC-A67C-D90C383ABD29): 43
LogDevObjectVersion:   Dev-Sequencer (7B5AE74C-D270-4C10-A958-57980B212A5A): 12
LogDevObjectVersion:   Dev-VR (D7296918-1DD6-4BDD-9DE2-64A83CC13884): 3
LogDevObjectVersion:   Dev-LoadTimes (C2A15278-BFE7-4AFE-6C17-90FF531DF755): 1
LogDevObjectVersion:   Private-Geometry (6EACA3D4-40EC-4CC1-B786-8BED09428FC5): 3
LogDevObjectVersion:   Dev-AnimPhys (29E575DD-E0A3-4627-9D10-D276232CDCEA): 17
LogDevObjectVersion:   Dev-Anim (AF43A65D-7FD3-4947-9873-3E8ED9C1BB05): 7
LogDevObjectVersion:   Dev-ReflectionCapture (6B266CEC-1EC7-4B8F-A30B-E4D90942FC07): 1
LogDevObjectVersion:   Dev-Automation (0DF73D61-A23F-47EA-B727-89E90C41499A): 1
LogDevObjectVersion:   FortniteMain (601D1886-AC64-4F84-AA16-D3DE0DEAC7D6): 31
LogDevObjectVersion:   Dev-Enterprise (9DFFBCD6-494F-0158-E221-12823C92A888): 10
LogDevObjectVersion:   Dev-Niagara (F2AED0AC-9AFE-416F-8664-AA7FFA26D6FC): 1
LogDevObjectVersion:   Dev-Destruction (174F1F0B-B4C6-45A5-B13F-2EE8D0FB917D): 10
LogDevObjectVersion:   Dev-Physics-Ext (35F94A83-E258-406C-A318-09F59610247C): 37
LogDevObjectVersion:   Dev-PhysicsMaterial-Chaos (B68FC16E-8B1B-42E2-B453-215C058844FE): 1
LogDevObjectVersion:   Dev-CineCamera (B2E18506-4273-CFC2-A54E-F4BB758BBA07): 1
LogInit: Presizing for max 25165824 objects, including 0 objects not considered by GC, pre-allocating 0 bytes for permanent pool.
LogConfig: Applying CVar settings from Section [/Script/Engine.StreamingSettings] File [C:/Users/Brayden/Documents/unreal/Pacman/PacManUE4/PacMan/Saved/Config/Windows/Engine.ini]
LogConfig: Setting CVar [[s.MinBulkDataSizeForAsyncLoading:131072]]
LogConfig: Setting CVar [[s.AsyncLoadingThreadEnabled:0]]
LogConfig: Setting CVar [[s.EventDrivenLoaderEnabled:1]]
LogConfig: Setting CVar [[s.WarnIfTimeLimitExceeded:0]]
LogConfig: Setting CVar [[s.TimeLimitExceededMultiplier:1.5]]
LogConfig: Setting CVar [[s.TimeLimitExceededMinTime:0.005]]
LogConfig: Setting CVar [[s.UseBackgroundLevelStreaming:1]]
LogConfig: Setting CVar [[s.PriorityAsyncLoadingExtraTime:15.0]]
LogConfig: Setting CVar [[s.LevelStreamingActorsUpdateTimeLimit:5.0]]
LogConfig: Setting CVar [[s.PriorityLevelStreamingActorsUpdateExtraTime:5.0]]
LogConfig: Setting CVar [[s.LevelStreamingComponentsRegistrationGranularity:10]]
LogConfig: Setting CVar [[s.UnregisterComponentsTimeLimit:1.0]]
LogConfig: Setting CVar [[s.LevelStreamingComponentsUnregistrationGranularity:5]]
LogConfig: Setting CVar [[s.FlushStreamingOnExit:1]]
LogInit: Object subsystem initialized
LogConfig: Setting CVar [[con.DebugEarlyDefault:1]]
LogConfig: Setting CVar [[r.setres:1280x720]]
[2020.11.20-02.26.13:420][  0]LogConfig: Setting CVar [[r.VSync:0]]
[2020.11.20-02.26.13:420][  0]LogConfig: Setting CVar [[r.RHICmdBypass:0]]
[2020.11.20-02.26.13:420][  0]LogConfig: Applying CVar settings from Section [/Script/Engine.RendererSettings] File [C:/Users/Brayden/Documents/unreal/Pacman/PacManUE4/PacMan/Saved/Config/Windows/Engine.ini]
[2020.11.20-02.26.13:420][  0]LogConfig: Setting CVar [[r.GPUCrashDebugging:0]]
[2020.11.20-02.26.13:420][  0]LogConfig: Applying CVar settings from Section [/Script/Engine.RendererOverrideSettings] File [C:/Users/Brayden/Documents/unreal/Pacman/PacManUE4/PacMan/Saved/Config/Windows/Engine.ini]
[2020.11.20-02.26.13:420][  0]LogConfig: Applying CVar settings from Section [/Script/Engine.StreamingSettings] File [C:/Users/Brayden/Documents/unreal/Pacman/PacManUE4/PacMan/Saved/Config/Windows/Engine.ini]
[2020.11.20-02.26.13:420][  0]LogConfig: Setting CVar [[s.MinBulkDataSizeForAsyncLoading:131072]]
[2020.11.20-02.26.13:420][  0]LogConfig: Setting CVar [[s.AsyncLoadingThreadEnabled:0]]
[2020.11.20-02.26.13:420][  0]LogConfig: Setting CVar [[s.EventDrivenLoaderEnabled:1]]
[2020.11.20-02.26.13:420][  0]LogConfig: Setting CVar [[s.WarnIfTimeLimitExceeded:0]]
[2020.11.20-02.26.13:420][  0]LogConfig: Setting CVar [[s.TimeLimitExceededMultiplier:1.5]]
[2020.11.20-02.26.13:420][  0]LogConfig: Setting CVar [[s.TimeLimitExceededMinTime:0.005]]
[2020.11.20-02.26.13:420][  0]LogConfig: Setting CVar [[s.UseBackgroundLevelStreaming:1]]
[2020.11.20-02.26.13:420][  0]LogConfig: Setting CVar [[s.PriorityAsyncLoadingExtraTime:15.0]]
[2020.11.20-02.26.13:420][  0]LogConfig: Setting CVar [[s.LevelStreamingActorsUpdateTimeLimit:5.0]]
[2020.11.20-02.26.13:420][  0]LogConfig: Setting CVar [[s.PriorityLevelStreamingActorsUpdateExtraTime:5.0]]
[2020.11.20-02.26.13:420][  0]LogConfig: Setting CVar [[s.LevelStreamingComponentsRegistrationGranularity:10]]
[2020.11.20-02.26.13:420][  0]LogConfig: Setting CVar [[s.UnregisterComponentsTimeLimit:1.0]]
[2020.11.20-02.26.13:420][  0]LogConfig: Setting CVar [[s.LevelStreamingComponentsUnregistrationGranularity:5]]
[2020.11.20-02.26.13:420][  0]LogConfig: Setting CVar [[s.FlushStreamingOnExit:1]]
[2020.11.20-02.26.13:420][  0]LogConfig: Applying CVar settings from Section [/Script/Engine.GarbageCollectionSettings] File [C:/Users/Brayden/Documents/unreal/Pacman/PacManUE4/PacMan/Saved/Config/Windows/Engine.ini]
[2020.11.20-02.26.13:420][  0]LogConfig: Setting CVar [[gc.MaxObjectsNotConsideredByGC:1]]
[2020.11.20-02.26.13:420][  0]LogConfig: Setting CVar [[gc.SizeOfPermanentObjectPool:0]]
[2020.11.20-02.26.13:420][  0]LogConfig: Setting CVar [[gc.FlushStreamingOnGC:0]]
[2020.11.20-02.26.13:420][  0]LogConfig: Setting CVar [[gc.NumRetriesBeforeForcingGC:10]]
[2020.11.20-02.26.13:420][  0]LogConfig: Setting CVar [[gc.AllowParallelGC:1]]
[2020.11.20-02.26.13:420][  0]LogConfig: Setting CVar [[gc.TimeBetweenPurgingPendingKillObjects:61.1]]
[2020.11.20-02.26.13:420][  0]LogConfig: Setting CVar [[gc.MaxObjectsInEditor:25165824]]
[2020.11.20-02.26.13:420][  0]LogConfig: Setting CVar [[gc.IncrementalBeginDestroyEnabled:1]]
[2020.11.20-02.26.13:421][  0]LogConfig: Setting CVar [[gc.CreateGCClusters:1]]
[2020.11.20-02.26.13:421][  0]LogConfig: Setting CVar [[gc.MinGCClusterSize:5]]
[2020.11.20-02.26.13:421][  0]LogConfig: Setting CVar [[gc.ActorClusteringEnabled:0]]
[2020.11.20-02.26.13:421][  0]LogConfig: Setting CVar [[gc.BlueprintClusteringEnabled:0]]
[2020.11.20-02.26.13:421][  0]LogConfig: Setting CVar [[gc.UseDisregardForGCOnDedicatedServers:0]]
[2020.11.20-02.26.13:421][  0]LogConfig: Applying CVar settings from Section [/Script/Engine.NetworkSettings] File [C:/Users/Brayden/Documents/unreal/Pacman/PacManUE4/PacMan/Saved/Config/Windows/Engine.ini]
[2020.11.20-02.26.13:421][  0]LogConfig: Applying CVar settings from Section [/Script/UnrealEd.CookerSettings] File [C:/Users/Brayden/Documents/unreal/Pacman/PacManUE4/PacMan/Saved/Config/Windows/Engine.ini]
[2020.11.20-02.26.13:427][  0]LogConfig: Applying CVar settings from Section [ViewDistanceQuality@3] File [C:/Users/Brayden/Documents/unreal/Pacman/PacManUE4/PacMan/Saved/Config/Windows/Scalability.ini]
[2020.11.20-02.26.13:428][  0]LogConfig: Setting CVar [[r.SkeletalMeshLODBias:0]]
[2020.11.20-02.26.13:428][  0]LogConfig: Setting CVar [[r.ViewDistanceScale:1.0]]
[2020.11.20-02.26.13:428][  0]LogConfig: Applying CVar settings from Section [AntiAliasingQuality@3] File [C:/Users/Brayden/Documents/unreal/Pacman/PacManUE4/PacMan/Saved/Config/Windows/Scalability.ini]
[2020.11.20-02.26.13:428][  0]LogConfig: Setting CVar [[r.PostProcessAAQuality:4]]
[2020.11.20-02.26.13:428][  0]LogConfig: Applying CVar settings from Section [ShadowQuality@3] File [C:/Users/Brayden/Documents/unreal/Pacman/PacManUE4/PacMan/Saved/Config/Windows/Scalability.ini]
[2020.11.20-02.26.13:428][  0]LogConfig: Setting CVar [[r.LightFunctionQuality:1]]
[2020.11.20-02.26.13:428][  0]LogConfig: Setting CVar [[r.ShadowQuality:5]]
[2020.11.20-02.26.13:428][  0]LogConfig: Setting CVar [[r.Shadow.CSM.MaxCascades:10]]
[2020.11.20-02.26.13:428][  0]LogConfig: Setting CVar [[r.Shadow.MaxResolution:2048]]
[2020.11.20-02.26.13:428][  0]LogConfig: Setting CVar [[r.Shadow.MaxCSMResolution:2048]]
[2020.11.20-02.26.13:428][  0]LogConfig: Setting CVar [[r.Shadow.RadiusThreshold:0.01]]
[2020.11.20-02.26.13:428][  0]LogConfig: Setting CVar [[r.Shadow.DistanceScale:1.0]]
[2020.11.20-02.26.13:428][  0]LogConfig: Setting CVar [[r.Shadow.CSM.TransitionScale:1.0]]
[2020.11.20-02.26.13:428][  0]LogConfig: Setting CVar [[r.Shadow.PreShadowResolutionFactor:1.0]]
[2020.11.20-02.26.13:428][  0]LogConfig: Setting CVar [[r.DistanceFieldShadowing:1]]
[2020.11.20-02.26.13:428][  0]LogConfig: Setting CVar [[r.DistanceFieldAO:1]]
[2020.11.20-02.26.13:428][  0]LogConfig: Setting CVar [[r.AOQuality:2]]
[2020.11.20-02.26.13:428][  0]LogConfig: Setting CVar [[r.VolumetricFog:1]]
[2020.11.20-02.26.13:428][  0]LogConfig: Setting CVar [[r.VolumetricFog.GridPixelSize:8]]
[2020.11.20-02.26.13:428][  0]LogConfig: Setting CVar [[r.VolumetricFog.GridSizeZ:128]]
[2020.11.20-02.26.13:428][  0]LogConfig: Setting CVar [[r.VolumetricFog.HistoryMissSupersampleCount:4]]
[2020.11.20-02.26.13:428][  0]LogConfig: Setting CVar [[r.LightMaxDrawDistanceScale:1]]
[2020.11.20-02.26.13:428][  0]LogConfig: Setting CVar [[r.CapsuleShadows:1]]
[2020.11.20-02.26.13:428][  0]LogConfig: Applying CVar settings from Section [PostProcessQuality@3] File [C:/Users/Brayden/Documents/unreal/Pacman/PacManUE4/PacMan/Saved/Config/Windows/Scalability.ini]
[2020.11.20-02.26.13:428][  0]LogConfig: Setting CVar [[r.MotionBlurQuality:4]]
[2020.11.20-02.26.13:428][  0]LogConfig: Setting CVar [[r.AmbientOcclusionMipLevelFactor:0.4]]
[2020.11.20-02.26.13:428][  0]LogConfig: Setting CVar [[r.AmbientOcclusionMaxQuality:100]]
[2020.11.20-02.26.13:428][  0]LogConfig: Setting CVar [[r.AmbientOcclusionLevels:-1]]
[2020.11.20-02.26.13:428][  0]LogConfig: Setting CVar [[r.AmbientOcclusionRadiusScale:1.0]]
[2020.11.20-02.26.13:428][  0]LogConfig: Setting CVar [[r.DepthOfFieldQuality:2]]
[2020.11.20-02.26.13:428][  0]LogConfig: Setting CVar [[r.RenderTargetPoolMin:400]]
[2020.11.20-02.26.13:428][  0]LogConfig: Setting CVar [[r.LensFlareQuality:2]]
[2020.11.20-02.26.13:428][  0]LogConfig: Setting CVar [[r.SceneColorFringeQuality:1]]
[2020.11.20-02.26.13:428][  0]LogConfig: Setting CVar [[r.EyeAdaptationQuality:2]]
[2020.11.20-02.26.13:428][  0]LogConfig: Setting CVar [[r.BloomQuality:5]]
[2020.11.20-02.26.13:428][  0]LogConfig: Setting CVar [[r.FastBlurThreshold:100]]
[2020.11.20-02.26.13:428][  0]LogConfig: Setting CVar [[r.Upscale.Quality:3]]
[2020.11.20-02.26.13:428][  0]LogConfig: Setting CVar [[r.Tonemapper.GrainQuantization:1]]
[2020.11.20-02.26.13:428][  0]LogConfig: Setting CVar [[r.LightShaftQuality:1]]
[2020.11.20-02.26.13:428][  0]LogConfig: Setting CVar [[r.Filter.SizeScale:1]]
[2020.11.20-02.26.13:428][  0]LogConfig: Setting CVar [[r.Tonemapper.Quality:5]]
[2020.11.20-02.26.13:428][  0]LogConfig: Setting CVar [[r.DOF.Gather.AccumulatorQuality:1        ; higher gathering accumulator quality]]
[2020.11.20-02.26.13:428][  0]LogConfig: Setting CVar [[r.DOF.Gather.PostfilterMethod:1          ; Median3x3 postfilering method]]
[2020.11.20-02.26.13:428][  0]LogConfig: Setting CVar [[r.DOF.Gather.EnableBokehSettings:0       ; no bokeh simulation when gathering]]
[2020.11.20-02.26.13:428][  0]LogConfig: Setting CVar [[r.DOF.Gather.RingCount:4                 ; medium number of samples when gathering]]
[2020.11.20-02.26.13:428][  0]LogConfig: Setting CVar [[r.DOF.Scatter.ForegroundCompositing:1    ; additive foreground scattering]]
[2020.11.20-02.26.13:428][  0]LogConfig: Setting CVar [[r.DOF.Scatter.BackgroundCompositing:2    ; additive background scattering]]
[2020.11.20-02.26.13:428][  0]LogConfig: Setting CVar [[r.DOF.Scatter.EnableBokehSettings:1      ; bokeh simulation when scattering]]
[2020.11.20-02.26.13:428][  0]LogConfig: Setting CVar [[r.DOF.Scatter.MaxSpriteRatio:0.1         ; only a maximum of 10% of scattered bokeh]]
[2020.11.20-02.26.13:428][  0]LogConfig: Setting CVar [[r.DOF.Recombine.Quality:1                ; cheap slight out of focus]]
[2020.11.20-02.26.13:428][  0]LogConfig: Setting CVar [[r.DOF.Recombine.EnableBokehSettings:0    ; no bokeh simulation on slight out of focus]]
[2020.11.20-02.26.13:428][  0]LogConfig: Setting CVar [[r.DOF.TemporalAAQuality:1                ; more stable temporal accumulation]]
[2020.11.20-02.26.13:428][  0]LogConfig: Setting CVar [[r.DOF.Kernel.MaxForegroundRadius:0.025]]
[2020.11.20-02.26.13:428][  0]LogConfig: Setting CVar [[r.DOF.Kernel.MaxBackgroundRadius:0.025]]
[2020.11.20-02.26.13:428][  0]LogConfig: Applying CVar settings from Section [TextureQuality@3] File [C:/Users/Brayden/Documents/unreal/Pacman/PacManUE4/PacMan/Saved/Config/Windows/Scalability.ini]
[2020.11.20-02.26.13:428][  0]LogConfig: Setting CVar [[r.Streaming.MipBias:0]]
[2020.11.20-02.26.13:428][  0]LogConfig: Setting CVar [[r.Streaming.AmortizeCPUToGPUCopy:0]]
[2020.11.20-02.26.13:428][  0]LogConfig: Setting CVar [[r.Streaming.MaxNumTexturesToStreamPerFrame:0]]
[2020.11.20-02.26.13:428][  0]LogConfig: Setting CVar [[r.Streaming.Boost:1]]
[2020.11.20-02.26.13:428][  0]LogConfig: Setting CVar [[r.MaxAnisotropy:8]]
[2020.11.20-02.26.13:428][  0]LogConfig: Setting CVar [[r.VT.MaxAnisotropy:8]]
[2020.11.20-02.26.13:428][  0]LogConfig: Setting CVar [[r.Streaming.LimitPoolSizeToVRAM:0]]
[2020.11.20-02.26.13:428][  0]LogConfig: Setting CVar [[r.Streaming.PoolSize:1000]]
[2020.11.20-02.26.13:428][  0]LogConfig: Setting CVar [[r.Streaming.MaxEffectiveScreenSize:0]]
[2020.11.20-02.26.13:428][  0]LogConfig: Applying CVar settings from Section [EffectsQuality@3] File [C:/Users/Brayden/Documents/unreal/Pacman/PacManUE4/PacMan/Saved/Config/Windows/Scalability.ini]
[2020.11.20-02.26.13:428][  0]LogConfig: Setting CVar [[r.TranslucencyLightingVolumeDim:64]]
[2020.11.20-02.26.13:428][  0]LogConfig: Setting CVar [[r.RefractionQuality:2]]
[2020.11.20-02.26.13:428][  0]LogConfig: Setting CVar [[r.SSR.Quality:3]]
[2020.11.20-02.26.13:428][  0]LogConfig: Setting CVar [[r.SSR.HalfResSceneColor:0]]
[2020.11.20-02.26.13:428][  0]LogConfig: Setting CVar [[r.SceneColorFormat:4]]
[2020.11.20-02.26.13:428][  0]LogConfig: Setting CVar [[r.DetailMode:2]]
[2020.11.20-02.26.13:428][  0]LogConfig: Setting CVar [[r.TranslucencyVolumeBlur:1]]
[2020.11.20-02.26.13:428][  0]LogConfig: Setting CVar [[r.MaterialQualityLevel:1 ; High quality]]
[2020.11.20-02.26.13:428][  0]LogConfig: Setting CVar [[r.SSS.Scale:1]]
[2020.11.20-02.26.13:429][  0]LogConfig: Setting CVar [[r.SSS.SampleSet:2]]
[2020.11.20-02.26.13:429][  0]LogConfig: Setting CVar [[r.SSS.Quality:1]]
[2020.11.20-02.26.13:429][  0]LogConfig: Setting CVar [[r.SSS.HalfRes:0]]
[2020.11.20-02.26.13:429][  0]LogConfig: Setting CVar [[r.SSGI.Quality:3]]
[2020.11.20-02.26.13:429][  0]LogConfig: Setting CVar [[r.EmitterSpawnRateScale:1.0]]
[2020.11.20-02.26.13:429][  0]LogConfig: Setting CVar [[r.ParticleLightQuality:2]]
[2020.11.20-02.26.13:429][  0]LogConfig: Setting CVar [[r.SkyAtmosphere.AerialPerspectiveLUT.FastApplyOnOpaque:1 ; Always have FastSkyLUT 1 in this case to avoid wrong sky]]
[2020.11.20-02.26.13:429][  0]LogConfig: Setting CVar [[r.SkyAtmosphere.AerialPerspectiveLUT.SampleCountPerSlice:1]]
[2020.11.20-02.26.13:429][  0]LogConfig: Setting CVar [[r.SkyAtmosphere.AerialPerspectiveLUT.DepthResolution:16.0]]
[2020.11.20-02.26.13:429][  0]LogConfig: Setting CVar [[r.SkyAtmosphere.FastSkyLUT:1]]
[2020.11.20-02.26.13:429][  0]LogConfig: Setting CVar [[r.SkyAtmosphere.FastSkyLUT.SampleCountMin:4.0]]
[2020.11.20-02.26.13:429][  0]LogConfig: Setting CVar [[r.SkyAtmosphere.FastSkyLUT.SampleCountMax:32.0]]
[2020.11.20-02.26.13:429][  0]LogConfig: Setting CVar [[r.SkyAtmosphere.SampleCountMin:4.0]]
[2020.11.20-02.26.13:429][  0]LogConfig: Setting CVar [[r.SkyAtmosphere.SampleCountMax:32.0]]
[2020.11.20-02.26.13:429][  0]LogConfig: Setting CVar [[r.SkyAtmosphere.TransmittanceLUT.UseSmallFormat:0]]
[2020.11.20-02.26.13:429][  0]LogConfig: Setting CVar [[r.SkyAtmosphere.TransmittanceLUT.SampleCount:10.0]]
[2020.11.20-02.26.13:429][  0]LogConfig: Setting CVar [[r.SkyAtmosphere.MultiScatteringLUT.SampleCount:15.0]]
[2020.11.20-02.26.13:429][  0]LogConfig: Applying CVar settings from Section [FoliageQuality@3] File [C:/Users/Brayden/Documents/unreal/Pacman/PacManUE4/PacMan/Saved/Config/Windows/Scalability.ini]
[2020.11.20-02.26.13:429][  0]LogConfig: Setting CVar [[foliage.DensityScale:1.0]]
[2020.11.20-02.26.13:429][  0]LogConfig: Setting CVar [[grass.DensityScale:1.0]]
[2020.11.20-02.26.13:429][  0]LogConfig: Applying CVar settings from Section [ShadingQuality@3] File [C:/Users/Brayden/Documents/unreal/Pacman/PacManUE4/PacMan/Saved/Config/Windows/Scalability.ini]
[2020.11.20-02.26.13:429][  0]LogConfig: Setting CVar [[r.HairStrands.SkyLighting.SampleCount:16]]
[2020.11.20-02.26.13:429][  0]LogConfig: Setting CVar [[r.HairStrands.SkyLighting.JitterIntegration:0]]
[2020.11.20-02.26.13:429][  0]LogConfig: Setting CVar [[r.HairStrands.SkyAO.SampleCount:16]]
[2020.11.20-02.26.13:429][  0]LogConfig: Setting CVar [[r.HairStrands.DeepShadow.SuperSampling:0]]
[2020.11.20-02.26.13:429][  0]LogConfig: Setting CVar [[r.HairStrands.VisibilityPPLL:0]]
[2020.11.20-02.26.13:429][  0]LogConfig: Setting CVar [[r.HairStrands.RasterizationScale:0.5]]
[2020.11.20-02.26.13:429][  0]LogConfig: Setting CVar [[r.HairStrands.VelocityRasterizationScale:1]]
[2020.11.20-02.26.13:429][  0]LogInit: Selected Device Profile: [Windows]
[2020.11.20-02.26.13:429][  0]LogInit: Applying CVar settings loaded from the selected device profile: [Windows]
[2020.11.20-02.26.13:429][  0]LogHAL: Display: Platform has ~ 16 GB [17116573696 / 17179869184 / 16], which maps to Larger [LargestMinGB=32, LargerMinGB=12, DefaultMinGB=8, SmallerMinGB=6, SmallestMinGB=0)
[2020.11.20-02.26.13:429][  0]LogInit: Going up to parent DeviceProfile []
[2020.11.20-02.26.13:429][  0]LogConfig: Applying CVar settings from Section [ViewDistanceQuality@3] File [C:/Users/Brayden/Documents/unreal/Pacman/PacManUE4/PacMan/Saved/Config/Windows/Scalability.ini]
[2020.11.20-02.26.13:429][  0]LogConfig: Setting CVar [[r.SkeletalMeshLODBias:0]]
[2020.11.20-02.26.13:429][  0]LogConfig: Setting CVar [[r.ViewDistanceScale:1.0]]
[2020.11.20-02.26.13:429][  0]LogConfig: Applying CVar settings from Section [AntiAliasingQuality@3] File [C:/Users/Brayden/Documents/unreal/Pacman/PacManUE4/PacMan/Saved/Config/Windows/Scalability.ini]
[2020.11.20-02.26.13:429][  0]LogConfig: Setting CVar [[r.PostProcessAAQuality:4]]
[2020.11.20-02.26.13:429][  0]LogConfig: Applying CVar settings from Section [ShadowQuality@3] File [C:/Users/Brayden/Documents/unreal/Pacman/PacManUE4/PacMan/Saved/Config/Windows/Scalability.ini]
[2020.11.20-02.26.13:429][  0]LogConfig: Setting CVar [[r.LightFunctionQuality:1]]
[2020.11.20-02.26.13:429][  0]LogConfig: Setting CVar [[r.ShadowQuality:5]]
[2020.11.20-02.26.13:429][  0]LogConfig: Setting CVar [[r.Shadow.CSM.MaxCascades:10]]
[2020.11.20-02.26.13:429][  0]LogConfig: Setting CVar [[r.Shadow.MaxResolution:2048]]
[2020.11.20-02.26.13:429][  0]LogConfig: Setting CVar [[r.Shadow.MaxCSMResolution:2048]]
[2020.11.20-02.26.13:429][  0]LogConfig: Setting CVar [[r.Shadow.RadiusThreshold:0.01]]
[2020.11.20-02.26.13:429][  0]LogConfig: Setting CVar [[r.Shadow.DistanceScale:1.0]]
[2020.11.20-02.26.13:429][  0]LogConfig: Setting CVar [[r.Shadow.CSM.TransitionScale:1.0]]
[2020.11.20-02.26.13:429][  0]LogConfig: Setting CVar [[r.Shadow.PreShadowResolutionFactor:1.0]]
[2020.11.20-02.26.13:429][  0]LogConfig: Setting CVar [[r.DistanceFieldShadowing:1]]
[2020.11.20-02.26.13:429][  0]LogConfig: Setting CVar [[r.DistanceFieldAO:1]]
[2020.11.20-02.26.13:429][  0]LogConfig: Setting CVar [[r.AOQuality:2]]
[2020.11.20-02.26.13:429][  0]LogConfig: Setting CVar [[r.VolumetricFog:1]]
[2020.11.20-02.26.13:429][  0]LogConfig: Setting CVar [[r.VolumetricFog.GridPixelSize:8]]
[2020.11.20-02.26.13:429][  0]LogConfig: Setting CVar [[r.VolumetricFog.GridSizeZ:128]]
[2020.11.20-02.26.13:429][  0]LogConfig: Setting CVar [[r.VolumetricFog.HistoryMissSupersampleCount:4]]
[2020.11.20-02.26.13:429][  0]LogConfig: Setting CVar [[r.LightMaxDrawDistanceScale:1]]
[2020.11.20-02.26.13:429][  0]LogConfig: Setting CVar [[r.CapsuleShadows:1]]
[2020.11.20-02.26.13:429][  0]LogConfig: Applying CVar settings from Section [PostProcessQuality@3] File [C:/Users/Brayden/Documents/unreal/Pacman/PacManUE4/PacMan/Saved/Config/Windows/Scalability.ini]
[2020.11.20-02.26.13:429][  0]LogConfig: Setting CVar [[r.MotionBlurQuality:4]]
[2020.11.20-02.26.13:429][  0]LogConfig: Setting CVar [[r.AmbientOcclusionMipLevelFactor:0.4]]
[2020.11.20-02.26.13:429][  0]LogConfig: Setting CVar [[r.AmbientOcclusionMaxQuality:100]]
[2020.11.20-02.26.13:429][  0]LogConfig: Setting CVar [[r.AmbientOcclusionLevels:-1]]
[2020.11.20-02.26.13:429][  0]LogConfig: Setting CVar [[r.AmbientOcclusionRadiusScale:1.0]]
[2020.11.20-02.26.13:429][  0]LogConfig: Setting CVar [[r.DepthOfFieldQuality:2]]
[2020.11.20-02.26.13:429][  0]LogConfig: Setting CVar [[r.RenderTargetPoolMin:400]]
[2020.11.20-02.26.13:429][  0]LogConfig: Setting CVar [[r.LensFlareQuality:2]]
[2020.11.20-02.26.13:429][  0]LogConfig: Setting CVar [[r.SceneColorFringeQuality:1]]
[2020.11.20-02.26.13:429][  0]LogConfig: Setting CVar [[r.EyeAdaptationQuality:2]]
[2020.11.20-02.26.13:429][  0]LogConfig: Setting CVar [[r.BloomQuality:5]]
[2020.11.20-02.26.13:429][  0]LogConfig: Setting CVar [[r.FastBlurThreshold:100]]
[2020.11.20-02.26.13:430][  0]LogConfig: Setting CVar [[r.Upscale.Quality:3]]
[2020.11.20-02.26.13:430][  0]LogConfig: Setting CVar [[r.Tonemapper.GrainQuantization:1]]
[2020.11.20-02.26.13:430][  0]LogConfig: Setting CVar [[r.LightShaftQuality:1]]
[2020.11.20-02.26.13:430][  0]LogConfig: Setting CVar [[r.Filter.SizeScale:1]]
[2020.11.20-02.26.13:430][  0]LogConfig: Setting CVar [[r.Tonemapper.Quality:5]]
[2020.11.20-02.26.13:430][  0]LogConfig: Setting CVar [[r.DOF.Gather.AccumulatorQuality:1        ; higher gathering accumulator quality]]
[2020.11.20-02.26.13:430][  0]LogConfig: Setting CVar [[r.DOF.Gather.PostfilterMethod:1          ; Median3x3 postfilering method]]
[2020.11.20-02.26.13:430][  0]LogConfig: Setting CVar [[r.DOF.Gather.EnableBokehSettings:0       ; no bokeh simulation when gathering]]
[2020.11.20-02.26.13:430][  0]LogConfig: Setting CVar [[r.DOF.Gather.RingCount:4                 ; medium number of samples when gathering]]
[2020.11.20-02.26.13:430][  0]LogConfig: Setting CVar [[r.DOF.Scatter.ForegroundCompositing:1    ; additive foreground scattering]]
[2020.11.20-02.26.13:430][  0]LogConfig: Setting CVar [[r.DOF.Scatter.BackgroundCompositing:2    ; additive background scattering]]
[2020.11.20-02.26.13:430][  0]LogConfig: Setting CVar [[r.DOF.Scatter.EnableBokehSettings:1      ; bokeh simulation when scattering]]
[2020.11.20-02.26.13:430][  0]LogConfig: Setting CVar [[r.DOF.Scatter.MaxSpriteRatio:0.1         ; only a maximum of 10% of scattered bokeh]]
[2020.11.20-02.26.13:430][  0]LogConfig: Setting CVar [[r.DOF.Recombine.Quality:1                ; cheap slight out of focus]]
[2020.11.20-02.26.13:430][  0]LogConfig: Setting CVar [[r.DOF.Recombine.EnableBokehSettings:0    ; no bokeh simulation on slight out of focus]]
[2020.11.20-02.26.13:430][  0]LogConfig: Setting CVar [[r.DOF.TemporalAAQuality:1                ; more stable temporal accumulation]]
[2020.11.20-02.26.13:430][  0]LogConfig: Setting CVar [[r.DOF.Kernel.MaxForegroundRadius:0.025]]
[2020.11.20-02.26.13:430][  0]LogConfig: Setting CVar [[r.DOF.Kernel.MaxBackgroundRadius:0.025]]
[2020.11.20-02.26.13:430][  0]LogConfig: Applying CVar settings from Section [TextureQuality@3] File [C:/Users/Brayden/Documents/unreal/Pacman/PacManUE4/PacMan/Saved/Config/Windows/Scalability.ini]
[2020.11.20-02.26.13:430][  0]LogConfig: Setting CVar [[r.Streaming.MipBias:0]]
[2020.11.20-02.26.13:430][  0]LogConfig: Setting CVar [[r.Streaming.AmortizeCPUToGPUCopy:0]]
[2020.11.20-02.26.13:430][  0]LogConfig: Setting CVar [[r.Streaming.MaxNumTexturesToStreamPerFrame:0]]
[2020.11.20-02.26.13:430][  0]LogConfig: Setting CVar [[r.Streaming.Boost:1]]
[2020.11.20-02.26.13:430][  0]LogConfig: Setting CVar [[r.MaxAnisotropy:8]]
[2020.11.20-02.26.13:430][  0]LogConfig: Setting CVar [[r.VT.MaxAnisotropy:8]]
[2020.11.20-02.26.13:430][  0]LogConfig: Setting CVar [[r.Streaming.LimitPoolSizeToVRAM:0]]
[2020.11.20-02.26.13:430][  0]LogConfig: Setting CVar [[r.Streaming.PoolSize:1000]]
[2020.11.20-02.26.13:430][  0]LogConfig: Setting CVar [[r.Streaming.MaxEffectiveScreenSize:0]]
[2020.11.20-02.26.13:430][  0]LogConfig: Applying CVar settings from Section [EffectsQuality@3] File [C:/Users/Brayden/Documents/unreal/Pacman/PacManUE4/PacMan/Saved/Config/Windows/Scalability.ini]
[2020.11.20-02.26.13:430][  0]LogConfig: Setting CVar [[r.TranslucencyLightingVolumeDim:64]]
[2020.11.20-02.26.13:430][  0]LogConfig: Setting CVar [[r.RefractionQuality:2]]
[2020.11.20-02.26.13:430][  0]LogConfig: Setting CVar [[r.SSR.Quality:3]]
[2020.11.20-02.26.13:430][  0]LogConfig: Setting CVar [[r.SSR.HalfResSceneColor:0]]
[2020.11.20-02.26.13:430][  0]LogConfig: Setting CVar [[r.SceneColorFormat:4]]
[2020.11.20-02.26.13:430][  0]LogConfig: Setting CVar [[r.DetailMode:2]]
[2020.11.20-02.26.13:430][  0]LogConfig: Setting CVar [[r.TranslucencyVolumeBlur:1]]
[2020.11.20-02.26.13:430][  0]LogConfig: Setting CVar [[r.MaterialQualityLevel:1 ; High quality]]
[2020.11.20-02.26.13:430][  0]LogConfig: Setting CVar [[r.SSS.Scale:1]]
[2020.11.20-02.26.13:430][  0]LogConfig: Setting CVar [[r.SSS.SampleSet:2]]
[2020.11.20-02.26.13:430][  0]LogConfig: Setting CVar [[r.SSS.Quality:1]]
[2020.11.20-02.26.13:430][  0]LogConfig: Setting CVar [[r.SSS.HalfRes:0]]
[2020.11.20-02.26.13:430][  0]LogConfig: Setting CVar [[r.SSGI.Quality:3]]
[2020.11.20-02.26.13:430][  0]LogConfig: Setting CVar [[r.EmitterSpawnRateScale:1.0]]
[2020.11.20-02.26.13:430][  0]LogConfig: Setting CVar [[r.ParticleLightQuality:2]]
[2020.11.20-02.26.13:430][  0]LogConfig: Setting CVar [[r.SkyAtmosphere.AerialPerspectiveLUT.FastApplyOnOpaque:1 ; Always have FastSkyLUT 1 in this case to avoid wrong sky]]
[2020.11.20-02.26.13:430][  0]LogConfig: Setting CVar [[r.SkyAtmosphere.AerialPerspectiveLUT.SampleCountPerSlice:1]]
[2020.11.20-02.26.13:430][  0]LogConfig: Setting CVar [[r.SkyAtmosphere.AerialPerspectiveLUT.DepthResolution:16.0]]
[2020.11.20-02.26.13:430][  0]LogConfig: Setting CVar [[r.SkyAtmosphere.FastSkyLUT:1]]
[2020.11.20-02.26.13:430][  0]LogConfig: Setting CVar [[r.SkyAtmosphere.FastSkyLUT.SampleCountMin:4.0]]
[2020.11.20-02.26.13:430][  0]LogConfig: Setting CVar [[r.SkyAtmosphere.FastSkyLUT.SampleCountMax:32.0]]
[2020.11.20-02.26.13:430][  0]LogConfig: Setting CVar [[r.SkyAtmosphere.SampleCountMin:4.0]]
[2020.11.20-02.26.13:430][  0]LogConfig: Setting CVar [[r.SkyAtmosphere.SampleCountMax:32.0]]
[2020.11.20-02.26.13:430][  0]LogConfig: Setting CVar [[r.SkyAtmosphere.TransmittanceLUT.UseSmallFormat:0]]
[2020.11.20-02.26.13:430][  0]LogConfig: Setting CVar [[r.SkyAtmosphere.TransmittanceLUT.SampleCount:10.0]]
[2020.11.20-02.26.13:430][  0]LogConfig: Setting CVar [[r.SkyAtmosphere.MultiScatteringLUT.SampleCount:15.0]]
[2020.11.20-02.26.13:430][  0]LogConfig: Applying CVar settings from Section [FoliageQuality@3] File [C:/Users/Brayden/Documents/unreal/Pacman/PacManUE4/PacMan/Saved/Config/Windows/Scalability.ini]
[2020.11.20-02.26.13:430][  0]LogConfig: Setting CVar [[foliage.DensityScale:1.0]]
[2020.11.20-02.26.13:430][  0]LogConfig: Setting CVar [[grass.DensityScale:1.0]]
[2020.11.20-02.26.13:430][  0]LogConfig: Applying CVar settings from Section [ShadingQuality@3] File [C:/Users/Brayden/Documents/unreal/Pacman/PacManUE4/PacMan/Saved/Config/Windows/Scalability.ini]
[2020.11.20-02.26.13:430][  0]LogConfig: Setting CVar [[r.HairStrands.SkyLighting.SampleCount:16]]
[2020.11.20-02.26.13:430][  0]LogConfig: Setting CVar [[r.HairStrands.SkyLighting.JitterIntegration:0]]
[2020.11.20-02.26.13:430][  0]LogConfig: Setting CVar [[r.HairStrands.SkyAO.SampleCount:16]]
[2020.11.20-02.26.13:430][  0]LogConfig: Setting CVar [[r.HairStrands.DeepShadow.SuperSampling:0]]
[2020.11.20-02.26.13:430][  0]LogConfig: Setting CVar [[r.HairStrands.VisibilityPPLL:0]]
[2020.11.20-02.26.13:430][  0]LogConfig: Setting CVar [[r.HairStrands.RasterizationScale:0.5]]
[2020.11.20-02.26.13:430][  0]LogConfig: Setting CVar [[r.HairStrands.VelocityRasterizationScale:1]]
[2020.11.20-02.26.13:430][  0]LogConfig: Applying CVar settings from Section [Startup] File [../../../Engine/Config/ConsoleVariables.ini]
[2020.11.20-02.26.13:431][  0]LogConfig: Setting CVar [[net.UseAdaptiveNetUpdateFrequency:0]]
[2020.11.20-02.26.13:431][  0]LogConfig: Setting CVar [[p.chaos.AllowCreatePhysxBodies:1]]
[2020.11.20-02.26.13:431][  0]LogConfig: Setting CVar [[fx.SkipVectorVMBackendOptimizations:1]]
[2020.11.20-02.26.13:431][  0]LogConfig: Applying CVar settings from Section [ConsoleVariables] File [C:/Users/Brayden/Documents/unreal/Pacman/PacManUE4/PacMan/Saved/Config/Windows/Engine.ini]
[2020.11.20-02.26.13:431][  0]LogInit: Computer: BRAYDEN-PC
[2020.11.20-02.26.13:431][  0]LogInit: User: Brayden
[2020.11.20-02.26.13:431][  0]LogInit: CPU Page size=4096, Cores=4
[2020.11.20-02.26.13:431][  0]LogInit: High frequency timer resolution =10.000000 MHz
[2020.11.20-02.26.13:431][  0]LogMemory: Memory total: Physical=15.9GB (16GB approx)
[2020.11.20-02.26.13:431][  0]LogMemory: Platform Memory Stats for Windows
[2020.11.20-02.26.13:431][  0]LogMemory: Process Physical Memory: 114.87 MB used, 114.87 MB peak
[2020.11.20-02.26.13:431][  0]LogMemory: Process Virtual Memory: 103.49 MB used, 103.49 MB peak
[2020.11.20-02.26.13:431][  0]LogMemory: Physical Memory: 9034.56 MB used,  7289.07 MB free, 16323.64 MB total
[2020.11.20-02.26.13:431][  0]LogMemory: Virtual Memory: 5136.74 MB used,  134212592.00 MB free, 134217728.00 MB total
[2020.11.20-02.26.13:438][  0]LogWindows: WindowsPlatformFeatures enabled
[2020.11.20-02.26.13:472][  0]LogInit: Physics initialised using underlying interface: PhysX
[2020.11.20-02.26.13:472][  0]LogInit: Using OS detected language (en-US).
[2020.11.20-02.26.13:472][  0]LogInit: Using OS detected locale (en-US).
[2020.11.20-02.26.13:477][  0]LogTextLocalizationManager: No specific localization for 'en-US' exists, so the 'en' localization will be used.
[2020.11.20-02.26.13:688][  0]LogInit: Setting process to per monitor DPI aware
[2020.11.20-02.26.13:735][  0]LogSlate: New Slate User Created.  User Index 0, Is Virtual User: 0
[2020.11.20-02.26.13:735][  0]LogSlate: Slate User Registered.  User Index 0, Is Virtual User: 0
[2020.11.20-02.26.13:901][  0]LogHMD: Failed to initialize OpenVR with code 110
[2020.11.20-02.26.13:901][  0]LogD3D11RHI: D3D11 min allowed feature level: 11_0
[2020.11.20-02.26.13:901][  0]LogD3D11RHI: D3D11 max allowed feature level: 11_0
[2020.11.20-02.26.13:901][  0]LogD3D11RHI: D3D11 adapters:
[2020.11.20-02.26.13:976][  0]LogD3D11RHI:    0. 'NVIDIA GeForce GTX 670' (Feature Level 11_0)
[2020.11.20-02.26.13:976][  0]LogD3D11RHI:       4052/0/8161 MB DedicatedVideo/DedicatedSystem/SharedSystem, Outputs:2, VendorId:0x10de
[2020.11.20-02.26.13:980][  0]LogD3D11RHI:    1. 'Microsoft Basic Render Driver' (Feature Level 11_0)
[2020.11.20-02.26.13:980][  0]LogD3D11RHI:       0/0/8161 MB DedicatedVideo/DedicatedSystem/SharedSystem, Outputs:0, VendorId:0x1414
[2020.11.20-02.26.13:980][  0]LogD3D11RHI: Chosen D3D11 Adapter: 0
[2020.11.20-02.26.13:988][  0]LogD3D11RHI: Creating new Direct3DDevice
[2020.11.20-02.26.13:988][  0]LogD3D11RHI:     GPU DeviceId: 0x1189 (for the marketing name, search the web for "GPU Device Id")
[2020.11.20-02.26.13:988][  0]LogWindows: EnumDisplayDevices:
[2020.11.20-02.26.13:988][  0]LogWindows:    0. 'NVIDIA GeForce GTX 670' (P:1 D:1)
[2020.11.20-02.26.13:989][  0]LogWindows:    1. 'NVIDIA GeForce GTX 670' (P:0 D:1)
[2020.11.20-02.26.13:989][  0]LogWindows:    2. 'NVIDIA GeForce GTX 670' (P:0 D:0)
[2020.11.20-02.26.13:990][  0]LogWindows:    3. 'NVIDIA GeForce GTX 670' (P:0 D:0)
[2020.11.20-02.26.13:990][  0]LogWindows: DebugString: FoundDriverCount:4 
[2020.11.20-02.26.13:990][  0]LogD3D11RHI:     Adapter Name: NVIDIA GeForce GTX 670
[2020.11.20-02.26.13:990][  0]LogD3D11RHI:   Driver Version: 432.00 (internal:26.21.14.3200, unified:432.00)
[2020.11.20-02.26.13:990][  0]LogD3D11RHI:      Driver Date: 7-24-2019
[2020.11.20-02.26.13:990][  0]LogRHI: Texture pool is 2836 MB (70% of 4052 MB)
[2020.11.20-02.26.14:045][  0]LogD3D11RHI: RHI does not have support for 64 bit atomics
[2020.11.20-02.26.14:047][  0]LogD3D11RHI: [Aftermath] Enabled and primed
[2020.11.20-02.26.14:047][  0]LogD3D11RHI: Async texture creation enabled
[2020.11.20-02.26.14:076][  0]LogD3D11RHI: GPU Timing Frequency: 1000.000000 (Debug: 2 2)
[2020.11.20-02.26.14:409][  0]LogTargetPlatformManager: Display: Loaded TargetPlatform 'AllDesktop'
[2020.11.20-02.26.14:434][  0]LogTargetPlatformManager: Display: Loaded TargetPlatform 'Android'
[2020.11.20-02.26.14:434][  0]LogTargetPlatformManager: Display: Loaded TargetPlatform 'Android_ASTC'
[2020.11.20-02.26.14:434][  0]LogTargetPlatformManager: Display: Loaded TargetPlatform 'Android_DXT'
[2020.11.20-02.26.14:434][  0]LogTargetPlatformManager: Display: Loaded TargetPlatform 'Android_ETC2'
[2020.11.20-02.26.14:434][  0]LogTargetPlatformManager: Display: Loaded TargetPlatform 'AndroidClient'
[2020.11.20-02.26.14:434][  0]LogTargetPlatformManager: Display: Loaded TargetPlatform 'Android_ASTCClient'
[2020.11.20-02.26.14:434][  0]LogTargetPlatformManager: Display: Loaded TargetPlatform 'Android_DXTClient'
[2020.11.20-02.26.14:434][  0]LogTargetPlatformManager: Display: Loaded TargetPlatform 'Android_ETC2Client'
[2020.11.20-02.26.14:434][  0]LogTargetPlatformManager: Display: Loaded TargetPlatform 'Android_Multi'
[2020.11.20-02.26.14:434][  0]LogTargetPlatformManager: Display: Loaded TargetPlatform 'Android_MultiClient'
[2020.11.20-02.26.14:460][  0]LogTargetPlatformManager: Display: Loaded TargetPlatform 'IOSClient'
[2020.11.20-02.26.14:460][  0]LogTargetPlatformManager: Display: Loaded TargetPlatform 'IOS'
[2020.11.20-02.26.14:472][  0]LogTargetPlatformManager: Display: Loaded TargetPlatform 'Linux'
[2020.11.20-02.26.14:483][  0]LogTargetPlatformManager: Display: Loaded TargetPlatform 'LinuxNoEditor'
[2020.11.20-02.26.14:493][  0]LogTargetPlatformManager: Display: Loaded TargetPlatform 'LinuxClient'
[2020.11.20-02.26.14:504][  0]LogTargetPlatformManager: Display: Loaded TargetPlatform 'LinuxServer'
[2020.11.20-02.26.14:515][  0]LogTargetPlatformManager: Display: Loaded TargetPlatform 'LinuxAArch64NoEditor'
[2020.11.20-02.26.14:526][  0]LogTargetPlatformManager: Display: Loaded TargetPlatform 'LinuxAArch64Client'
[2020.11.20-02.26.14:537][  0]LogTargetPlatformManager: Display: Loaded TargetPlatform 'LinuxAArch64Server'
[2020.11.20-02.26.14:572][  0]LogTargetPlatformManager: Display: Loaded TargetPlatform 'Lumin'
[2020.11.20-02.26.14:572][  0]LogTargetPlatformManager: Display: Loaded TargetPlatform 'LuminClient'
[2020.11.20-02.26.14:592][  0]LogTargetPlatformManager: Display: Loaded TargetPlatform 'TVOSClient'
[2020.11.20-02.26.14:592][  0]LogTargetPlatformManager: Display: Loaded TargetPlatform 'TVOS'
[2020.11.20-02.26.14:602][  0]LogTargetPlatformManager: Display: Loaded TargetPlatform 'WindowsNoEditor'
[2020.11.20-02.26.14:614][  0]LogTargetPlatformManager: Display: Loaded TargetPlatform 'Windows'
[2020.11.20-02.26.14:624][  0]LogTargetPlatformManager: Display: Loaded TargetPlatform 'WindowsClient'
[2020.11.20-02.26.14:635][  0]LogTargetPlatformManager: Display: Loaded TargetPlatform 'WindowsServer'
[2020.11.20-02.26.14:635][  0]LogTargetPlatformManager: Display: Building Assets For Windows
[2020.11.20-02.26.14:643][  0]LogAudioDebug: Display: Lib vorbis DLL was dynamically loaded.
[2020.11.20-02.26.14:711][  0]LogShaderCompilers: Guid format shader working directory is -24 characters bigger than the processId version (../../../../../../Users/Brayden/Documents/unreal/Pacman/PacManUE4/PacMan/Intermediate/Shaders/WorkingDirectory/4568/).
[2020.11.20-02.26.14:712][  0]LogShaderCompilers: Cleaned the shader compiler working directory 'C:/Users/Brayden/AppData/Local/Temp/UnrealShaderWorkingDir/270AC7F94399B2AAD32B03A248E85A45/'.
[2020.11.20-02.26.14:712][  0]LogXGEController: Cannot use XGE Controller as Incredibuild is not installed on this machine.
[2020.11.20-02.26.14:712][  0]LogShaderCompilers: Cannot use XGE Shader Compiler as Incredibuild is not installed on this machine.
[2020.11.20-02.26.14:712][  0]LogShaderCompilers: Display: Using Local Shader Compiler.
[2020.11.20-02.26.15:548][  0]LogDerivedDataCache: Display: Max Cache Size: 512 MB
[2020.11.20-02.26.15:605][  0]LogDerivedDataCache: Loaded boot cache 0.06s 76MB C:/Users/Brayden/AppData/Local/UnrealEngine/4.25/DerivedDataCache/Boot.ddc.
[2020.11.20-02.26.15:605][  0]LogDerivedDataCache: Display: Loaded Boot cache: C:/Users/Brayden/AppData/Local/UnrealEngine/4.25/DerivedDataCache/Boot.ddc
[2020.11.20-02.26.15:605][  0]LogDerivedDataCache: FDerivedDataBackendGraph:  Pak pak cache file ../../../../../../Users/Brayden/Documents/unreal/Pacman/PacManUE4/PacMan/DerivedDataCache/DDC.ddp not found, will not use a pak cache.
[2020.11.20-02.26.15:605][  0]LogDerivedDataCache: Unable to find inner node Pak for hierarchical cache Hierarchy.
[2020.11.20-02.26.15:605][  0]LogDerivedDataCache: FDerivedDataBackendGraph:  CompressedPak pak cache file ../../../../../../Users/Brayden/Documents/unreal/Pacman/PacManUE4/PacMan/DerivedDataCache/Compressed.ddp not found, will not use a pak cache.
[2020.11.20-02.26.15:605][  0]LogDerivedDataCache: Unable to find inner node CompressedPak for hierarchical cache Hierarchy.
[2020.11.20-02.26.15:617][  0]LogDerivedDataCache: Display: Pak cache opened for reading ../../../Engine/DerivedDataCache/Compressed.ddp.
[2020.11.20-02.26.15:617][  0]LogDerivedDataCache: FDerivedDataBackendGraph:  EnterprisePak pak cache file ../../../Enterprise/DerivedDataCache/Compressed.ddp not found, will not use a pak cache.
[2020.11.20-02.26.15:617][  0]LogDerivedDataCache: Unable to find inner node EnterprisePak for hierarchical cache Hierarchy.
[2020.11.20-02.26.15:618][  0]LogDerivedDataCache: Using Local data cache path C:/Users/Brayden/AppData/Local/UnrealEngine/Common/DerivedDataCache: Writable
[2020.11.20-02.26.15:618][  0]LogDerivedDataCache: Shared data cache path not found in *engine.ini, will not use an Shared cache.
[2020.11.20-02.26.15:618][  0]LogDerivedDataCache: Unable to find inner node Shared for hierarchical cache Hierarchy.
[2020.11.20-02.26.15:674][  0]LogSlate: Using FreeType 2.10.0
[2020.11.20-02.26.15:674][  0]LogSlate: SlateFontServices - WITH_FREETYPE: 1, WITH_HARFBUZZ: 1
[2020.11.20-02.26.15:702][  0]LogAssetRegistry: FAssetRegistry took 0.0026 seconds to start up
[2020.11.20-02.26.15:953][  0]LogInit: Selected Device Profile: [Windows]
[2020.11.20-02.26.16:075][  0]LogMeshReduction: Using QuadricMeshReduction for automatic static mesh reduction
[2020.11.20-02.26.16:075][  0]LogMeshReduction: Using SimplygonMeshReduction for automatic skeletal mesh reduction
[2020.11.20-02.26.16:075][  0]LogMeshReduction: Using ProxyLODMeshReduction for automatic mesh merging
[2020.11.20-02.26.16:075][  0]LogMeshReduction: No distributed automatic mesh merging module available
[2020.11.20-02.26.16:075][  0]LogMeshMerging: No distributed automatic mesh merging module available
[2020.11.20-02.26.16:095][  0]LogNetVersion: PacMan 1.0.0, NetCL: 13144385, EngineNetVer: 14, GameNetVer: 0 (Checksum: 3719311490)
[2020.11.20-02.26.16:575][  0]LogAISub: UAISubsystem::UAISubsystem AISubsystem (00000256343B4380), frame # 0
[2020.11.20-02.26.16:575][  0]LogAISub: UAISubsystem::UAISubsystem AIPerceptionSystem (0000025634306840), frame # 0
[2020.11.20-02.26.16:576][  0]LogAISub: UAISubsystem::UAISubsystem EnvQueryManager (0000025634359E00), frame # 0
[2020.11.20-02.26.16:651][  0]LogPackageLocalizationCache: Processed 19 localized package path(s) for 1 prioritized culture(s) in 0.067346 seconds
[2020.11.20-02.26.16:656][  0]LogUObjectArray: 15917 objects as part of root set at end of initial load.
[2020.11.20-02.26.16:656][  0]LogUObjectAllocator: 3965568 out of 0 bytes used by permanent object pool.
[2020.11.20-02.26.16:656][  0]LogUObjectArray: CloseDisregardForGC: 0/0 objects in disregard for GC pool
[2020.11.20-02.26.17:013][  0]LogTcpMessaging: Initializing TcpMessaging bridge
[2020.11.20-02.26.17:017][  0]LogUdpMessaging: Initializing bridge on interface 0.0.0.0:0 to multicast group 230.0.0.1:6666.
[2020.11.20-02.26.17:107][  0]SourceControl: Source control is disabled
[2020.11.20-02.26.17:107][  0]SourceControl: Source control is disabled
[2020.11.20-02.26.17:110][  0]SourceControl: Source control is disabled
[2020.11.20-02.26.17:113][  0]SourceControl: Source control is disabled
[2020.11.20-02.26.17:121][  0]SourceControl: Source control is disabled
[2020.11.20-02.26.17:381][  0]LogAndroidPermission: UAndroidPermissionCallbackProxy::GetInstance
[2020.11.20-02.26.17:402][  0]LogAudioCaptureCore: Display: No Audio Capture implementations found. Audio input will be silent.
[2020.11.20-02.26.17:402][  0]LogAudioCaptureCore: Display: No Audio Capture implementations found. Audio input will be silent.
[2020.11.20-02.26.17:455][  0]LogOcInput: OculusInput pre-init called
[2020.11.20-02.26.17:469][  0]LogWindows: Failed to load 'OVRPlugin.dll' (GetLastError=126)
[2020.11.20-02.26.17:469][  0]LogWindows: File 'OVRPlugin.dll' does not exist
[2020.11.20-02.26.17:534][  0]LogEngine: Initializing Engine...
[2020.11.20-02.26.17:535][  0]LogHMD: Failed to initialize OpenVR with code 110
[2020.11.20-02.26.17:535][  0]LogMagicLeap: Warning: VR disabled because ZI is not enabled.  To enable, in the editor, Edit -> Project Settings -> Plugins -> Magic Leap Plugin -> Enable Zero Iteration
[2020.11.20-02.26.17:536][  0]LogStats: UGameplayTagsManager::InitializeManager -  0.000 s
[2020.11.20-02.26.17:676][  0]LogInit: Initializing FReadOnlyCVARCache
[2020.11.20-02.26.17:684][  0]LogAIModule: Creating AISystem for world Untitled
[2020.11.20-02.26.17:684][  0]LogAISub: UAISubsystem::UAISubsystem EnvQueryManager (00000256387F7C00), frame # 0
[2020.11.20-02.26.17:684][  0]LogAISub: UAISubsystem::UAISubsystem AIPerceptionSystem (0000025638839F80), frame # 0
[2020.11.20-02.26.17:705][  0]LogAudioMixer: Display: Audio Mixer Platform Settings:
[2020.11.20-02.26.17:705][  0]LogAudioMixer: Display: 	Sample Rate:						  48000
[2020.11.20-02.26.17:705][  0]LogAudioMixer: Display: 	Callback Buffer Frame Size Requested: 1024
[2020.11.20-02.26.17:705][  0]LogAudioMixer: Display: 	Callback Buffer Frame Size To Use:	  1024
[2020.11.20-02.26.17:705][  0]LogAudioMixer: Display: 	Number of buffers to queue:			  2
[2020.11.20-02.26.17:705][  0]LogAudioMixer: Display: 	Max Channels (voices):				  32
[2020.11.20-02.26.17:705][  0]LogAudioMixer: Display: 	Number of Async Source Workers:		  0
[2020.11.20-02.26.17:705][  0]LogAudio: Display: AudioDevice MaxSources: 32
[2020.11.20-02.26.17:705][  0]LogAudio: Display: Using built-in audio occlusion.
[2020.11.20-02.26.17:705][  0]LogAudioMixer: Display: Initializing audio mixer.
[2020.11.20-02.26.17:723][  0]LogAudioMixer: Display: 0: FrontLeft
[2020.11.20-02.26.17:723][  0]LogAudioMixer: Display: 1: FrontRight
[2020.11.20-02.26.17:776][  0]LogAudioMixer: Display: Using Audio Device Speakers / Headphones (Realtek High Definition Audio)
[2020.11.20-02.26.17:780][  0]LogAudioMixer: Display: Initializing Sound Submixes...
[2020.11.20-02.26.17:782][  0]LogAudioMixer: Display: Creating Master Submix 'MasterSubmixDefault'
[2020.11.20-02.26.17:782][  0]LogAudioMixer: Display: Creating Master Submix 'MasterReverbSubmixDefault'
[2020.11.20-02.26.17:783][  0]LogAudioMixer: Display: Creating Master Submix 'MasterEQSubmixDefault'
[2020.11.20-02.26.17:784][  0]LogInit: FAudioDevice initialized.
[2020.11.20-02.26.17:785][  0]LogNetVersion: Set ProjectVersion to 1.0.0.0. Version Checksum will be recalculated on next use.
[2020.11.20-02.26.17:904][  0]LogDerivedDataCache: Saved boot cache 0.12s 76MB C:/Users/Brayden/AppData/Local/UnrealEngine/4.25/DerivedDataCache/Boot.ddc.
[2020.11.20-02.26.17:910][  0]LogInit: Texture streaming: Enabled
[2020.11.20-02.26.17:927][  0]LogEngineSessionManager: EngineSessionManager initialized
[2020.11.20-02.26.17:927][  0]LogEditorSessionSummary: Verbose: Initializing EditorSessionSummaryWriter for editor session tracking
[2020.11.20-02.26.17:935][  0]LogEditorSessionSummary: EditorSessionSummaryWriter initialized
[2020.11.20-02.26.17:996][  0]LogInit: Transaction tracking system initialized
[2020.11.20-02.26.18:017][  0]BlueprintLog: New page: Editor Load
[2020.11.20-02.26.18:088][  0]LocalizationService: Localization service is disabled
[2020.11.20-02.26.18:251][  0]LogCook: Display: Max memory allowance for cook 16384mb min free memory 0mb
[2020.11.20-02.26.18:252][  0]LogCook: Display: Mobile HDR setting 1
[2020.11.20-02.26.18:379][  0]LogFileCache: Scanning file cache for directory 'C:/Users/Brayden/Documents/unreal/Pacman/PacManUE4/PacMan/Content/' took 0.00s
[2020.11.20-02.26.18:618][  0]SourceControl: Source control is disabled
[2020.11.20-02.26.18:618][  0]LogUnrealEdMisc: Loading editor; pre map load, took 6.856
[2020.11.20-02.26.18:618][  0]Cmd: MAP LOAD FILE="../../../../../../Users/Brayden/Documents/unreal/Pacman/PacManUE4/PacMan/Content/GameScene.umap" TEMPLATE=0 SHOWPROGRESS=1 FEATURELEVEL=3
[2020.11.20-02.26.18:618][  0]LightingResults: New page: Lighting Build
[2020.11.20-02.26.18:619][  0]LogWorld: UWorld::CleanupWorld for Untitled, bSessionEnded=true, bCleanupResources=true
[2020.11.20-02.26.18:619][  0]LogSlate: InvalidateAllWidgets triggered.  All widgets were invalidated
[2020.11.20-02.26.18:619][  0]MapCheck: New page: Map Check
[2020.11.20-02.26.18:619][  0]LightingResults: New page: Lighting Build
[2020.11.20-02.26.18:628][  0]LogAISub: UAISubsystem::~UAISubsystem EnvQueryManager (00000256387F7C00), frame # 0
[2020.11.20-02.26.18:628][  0]LogAISub: UAISubsystem::~UAISubsystem AIPerceptionSystem (0000025638839F80), frame # 0
[2020.11.20-02.26.18:629][  0]LogUObjectHash: Compacting FUObjectHashTables data took   0.80ms
[2020.11.20-02.26.18:740][  0]LogAIModule: Creating AISystem for world GameScene
[2020.11.20-02.26.18:740][  0]LogAISub: UAISubsystem::UAISubsystem EnvQueryManager (000002562A875C00), frame # 0
[2020.11.20-02.26.18:740][  0]LogAISub: UAISubsystem::UAISubsystem AIPerceptionSystem (00000256264F1940), frame # 0
[2020.11.20-02.26.18:747][  0]LogEditorServer: Finished looking for orphan Actors (0.000 secs)
[2020.11.20-02.26.18:757][  0]LogUObjectHash: Compacting FUObjectHashTables data took   0.90ms
[2020.11.20-02.26.18:757][  0]Cmd: MAP CHECKDEP NOCLEARLOG
[2020.11.20-02.26.18:758][  0]MapCheck: Map check complete: 0 Error(s), 0 Warning(s), took 0.215ms to complete.
[2020.11.20-02.26.18:758][  0]LogFileHelpers: Loading map 'GameScene' took 0.140
[2020.11.20-02.26.18:759][  0]LogUnrealEdMisc: Total Editor Startup Time, took 6.998
[2020.11.20-02.26.18:941][  0]LogSlate: Updating window title bar state: overlay mode, drag disabled, window buttons hidden, title bar hidden
[2020.11.20-02.26.18:949][  0]LogSlate: Updating window title bar state: overlay mode, drag disabled, window buttons hidden, title bar hidden
[2020.11.20-02.26.18:957][  0]LogSlate: Updating window title bar state: overlay mode, drag disabled, window buttons hidden, title bar hidden
[2020.11.20-02.26.18:965][  0]LogSlate: Updating window title bar state: overlay mode, drag disabled, window buttons hidden, title bar hidden
[2020.11.20-02.26.18:974][  0]LogCollectionManager: Loaded 0 collections in 0.000930 seconds
[2020.11.20-02.26.18:990][  0]LogFileCache: Scanning file cache for directory 'C:/Users/Brayden/Documents/unreal/Pacman/PacManUE4/PacMan/Saved/Collections/' took 0.00s
[2020.11.20-02.26.18:990][  0]LogFileCache: Scanning file cache for directory 'C:/Users/Brayden/Documents/unreal/Pacman/PacManUE4/PacMan/Content/Developers/Brayden/Collections/' took 0.00s
[2020.11.20-02.26.18:990][  0]LogFileCache: Scanning file cache for directory 'C:/Users/Brayden/Documents/unreal/Pacman/PacManUE4/PacMan/Content/Collections/' took 0.00s
[2020.11.20-02.26.18:990][  0]LogContentBrowser: Native class hierarchy populated in 0.0097 seconds. Added 3427 classes and 821 folders.
[2020.11.20-02.26.18:993][  0]LogContentBrowser: Native class hierarchy updated for 'WidgetCarousel' in 0.0003 seconds. Added 0 classes and 0 folders.
[2020.11.20-02.26.19:056][  0]LogContentBrowser: Native class hierarchy updated for 'AddContentDialog' in 0.0003 seconds. Added 0 classes and 0 folders.
[2020.11.20-02.26.19:057][  0]LogContentBrowser: Native class hierarchy updated for 'SceneOutliner' in 0.0002 seconds. Added 2 classes and 0 folders.
[2020.11.20-02.26.19:162][  0]LogSlate: Took 0.000153 seconds to synchronously load lazily loaded font '../../../Engine/Content/Slate/Fonts/Roboto-Regular.ttf' (155K)
[2020.11.20-02.26.19:164][  0]LogSlate: Took 0.000164 seconds to synchronously load lazily loaded font '../../../Engine/Content/Slate/Fonts/Roboto-Bold.ttf' (160K)
[2020.11.20-02.26.19:168][  0]LogSlate: Took 0.000144 seconds to synchronously load lazily loaded font '../../../Engine/Content/Editor/Slate/Fonts/FontAwesome.ttf' (139K)
[2020.11.20-02.26.19:257][  0]LogRenderer: Reallocating scene render targets to support 1028x664 Format 10 NumSamples 1 (Frame:1).
[2020.11.20-02.26.19:310][  0]LogSlate: Took 0.000290 seconds to synchronously load lazily loaded font '../../../Engine/Content/Slate/Fonts/Roboto-Light.ttf' (167K)
[2020.11.20-02.26.19:369][  0]LogContentBrowser: Native class hierarchy updated for 'HierarchicalLODOutliner' in 0.0003 seconds. Added 0 classes and 0 folders.
[2020.11.20-02.26.19:369][  0]LogLoad: (Engine Initialization) Total time: 7.61 seconds
[2020.11.20-02.26.19:369][  0]LogLoad: (Engine Initialization) Total Blueprint compile time: 0.00 seconds
[2020.11.20-02.26.19:482][  0]LogAssetRegistry: Asset discovery search completed in 3.7803 seconds
[2020.11.20-02.26.19:486][  0]LogCollectionManager: Fixed up redirectors for 0 collections in 0.000003 seconds (updated 0 objects)
[2020.11.20-02.26.19:487][  0]LogContentStreaming: Texture pool size now 1000 MB
[2020.11.20-02.26.39:558][332]LogEditorViewport: Clicking on Actor (LMB): BP_Grid_C (BP_Grid)
[2020.11.20-02.26.45:074][977]LogSlate: Took 0.000194 seconds to synchronously load lazily loaded font '../../../Engine/Content/Slate/Fonts/Roboto-Italic.ttf' (157K)
[2020.11.20-02.28.43:122][811]LogSlate: Took 0.000187 seconds to synchronously load lazily loaded font '../../../Engine/Content/Slate/Fonts/Roboto-Light.ttf' (167K)
[2020.11.20-02.28.43:154][811]LogAssetEditorSubsystem: Opening Asset editor for World /Game/GameScene.GameScene
[2020.11.20-02.28.43:164][811]LogUObjectHash: Compacting FUObjectHashTables data took   0.84ms
[2020.11.20-02.28.43:165][811]Cmd: MAP LOAD FILE="../../../../../../Users/Brayden/Documents/unreal/Pacman/PacManUE4/PacMan/Content/GameScene.umap" TEMPLATE=0 SHOWPROGRESS=1 FEATURELEVEL=3
[2020.11.20-02.28.43:165][811]LightingResults: New page: Lighting Build
[2020.11.20-02.28.43:166][811]LoadErrors: New page: Loading map: GameScene.umap
[2020.11.20-02.28.43:192][811]LogWorld: UWorld::CleanupWorld for GameScene, bSessionEnded=true, bCleanupResources=true
[2020.11.20-02.28.43:192][811]LogSlate: InvalidateAllWidgets triggered.  All widgets were invalidated
[2020.11.20-02.28.43:192][811]MapCheck: New page: Map Check
[2020.11.20-02.28.43:192][811]LightingResults: New page: Lighting Build
[2020.11.20-02.28.43:201][811]LogAISub: UAISubsystem::~UAISubsystem EnvQueryManager (000002562A875C00), frame # 16811
[2020.11.20-02.28.43:201][811]LogAISub: UAISubsystem::~UAISubsystem AIPerceptionSystem (00000256264F1940), frame # 16811
[2020.11.20-02.28.43:202][811]LogUObjectHash: Compacting FUObjectHashTables data took   1.01ms
[2020.11.20-02.28.43:214][811]LogAIModule: Creating AISystem for world GameScene
[2020.11.20-02.28.43:214][811]LogAISub: UAISubsystem::UAISubsystem EnvQueryManager (000002562A948A00), frame # 16811
[2020.11.20-02.28.43:214][811]LogAISub: UAISubsystem::UAISubsystem AIPerceptionSystem (0000025631E85E40), frame # 16811
[2020.11.20-02.28.43:284][811]LogEditorServer: Finished looking for orphan Actors (0.000 secs)
[2020.11.20-02.28.43:294][811]LogUObjectHash: Compacting FUObjectHashTables data took   0.87ms
[2020.11.20-02.28.43:326][811]Cmd: MAP CHECKDEP NOCLEARLOG
[2020.11.20-02.28.43:326][811]MapCheck: Map check complete: 0 Error(s), 0 Warning(s), took 0.184ms to complete.
[2020.11.20-02.28.43:326][811]LogFileHelpers: Loading map 'GameScene' took 0.160
[2020.11.20-02.28.44:934][979]LogAssetEditorSubsystem: Opening Asset editor for World /Game/GameScene.GameScene
[2020.11.20-02.28.44:943][979]LogUObjectHash: Compacting FUObjectHashTables data took   0.26ms
[2020.11.20-02.28.44:944][979]Cmd: MAP LOAD FILE="../../../../../../Users/Brayden/Documents/unreal/Pacman/PacManUE4/PacMan/Content/GameScene.umap" TEMPLATE=0 SHOWPROGRESS=1 FEATURELEVEL=3
[2020.11.20-02.28.44:944][979]LightingResults: New page: Lighting Build
[2020.11.20-02.28.44:944][979]LoadErrors: New page: Loading map: GameScene.umap
[2020.11.20-02.28.44:982][979]LogWorld: UWorld::CleanupWorld for GameScene, bSessionEnded=true, bCleanupResources=true
[2020.11.20-02.28.44:983][979]LogSlate: InvalidateAllWidgets triggered.  All widgets were invalidated
[2020.11.20-02.28.44:983][979]MapCheck: New page: Map Check
[2020.11.20-02.28.44:983][979]LightingResults: New page: Lighting Build
[2020.11.20-02.28.44:991][979]LogAISub: UAISubsystem::~UAISubsystem AIPerceptionSystem (0000025631E85E40), frame # 16979
[2020.11.20-02.28.44:991][979]LogAISub: UAISubsystem::~UAISubsystem EnvQueryManager (000002562A948A00), frame # 16979
[2020.11.20-02.28.44:992][979]LogUObjectHash: Compacting FUObjectHashTables data took   0.74ms
[2020.11.20-02.28.45:005][979]LogAIModule: Creating AISystem for world GameScene
[2020.11.20-02.28.45:005][979]LogAISub: UAISubsystem::UAISubsystem EnvQueryManager (000002562A817800), frame # 16979
[2020.11.20-02.28.45:005][979]LogAISub: UAISubsystem::UAISubsystem AIPerceptionSystem (0000025658297B00), frame # 16979
[2020.11.20-02.28.45:086][979]LogEditorServer: Finished looking for orphan Actors (0.000 secs)
[2020.11.20-02.28.45:096][979]LogUObjectHash: Compacting FUObjectHashTables data took   0.85ms
[2020.11.20-02.28.45:127][979]Cmd: MAP CHECKDEP NOCLEARLOG
[2020.11.20-02.28.45:127][979]MapCheck: Map check complete: 0 Error(s), 0 Warning(s), took 0.171ms to complete.
[2020.11.20-02.28.45:127][979]LogFileHelpers: Loading map 'GameScene' took 0.183
[2020.11.20-02.28.46:288][ 98]LogAssetEditorSubsystem: Opening Asset editor for Blueprint /Game/BP_Player.BP_Player
[2020.11.20-02.28.46:520][ 98]LogContentBrowser: Native class hierarchy updated for 'BlueprintGraph' in 0.0006 seconds. Added 125 classes and 0 folders.
[2020.11.20-02.28.47:578][ 98]LogSlate: Took 0.000208 seconds to synchronously load lazily loaded font '../../../Engine/Content/Slate/Fonts/Roboto-BoldCondensed.ttf' (158K)
[2020.11.20-02.28.53:511][547]LogEditorViewport: Clicking on Actor (LMB): StaticMeshActor (Cube28)
[2020.11.20-02.28.55:373][677]LogEditorViewport: Clicking Background
[2020.11.20-02.28.56:637][780]LogEditorViewport: Clicking on Actor (LMB): StaticMeshActor (Cube29)
[2020.11.20-02.28.58:352][906]LogEditorViewport: Clicking on Actor (LMB): StaticMeshActor (Cube28)
[2020.11.20-02.28.59:662][  1]LogEditorViewport: Clicking on Actor (LMB): StaticMeshActor (Cube67)
[2020.11.20-02.29.01:142][104]LogEditorViewport: Clicking on Actor (LMB): StaticMeshActor (Cube53)
[2020.11.20-02.29.02:004][163]LogEditorViewport: Clicking on Actor (LMB): StaticMeshActor (Cube56)
[2020.11.20-02.29.02:658][207]LogEditorViewport: Clicking on Actor (LMB): StaticMeshActor (Cube57)
[2020.11.20-02.29.05:334][398]LogEditorViewport: Clicking on Actor (LMB): StaticMeshActor (Cube56)
[2020.11.20-02.29.06:306][465]LogEditorViewport: Clicking on Actor (LMB): StaticMeshActor (Cube56)
[2020.11.20-02.29.08:696][632]Cmd: TRANSACTION UNDO
[2020.11.20-02.29.08:696][632]LogEditorTransaction: Undo Clicking on Actors
[2020.11.20-02.29.11:346][789]LogEditorViewport: Clicking on Actor (LMB): StaticMeshActor (Cube)
[2020.11.20-02.29.12:637][879]LogEditorViewport: Clicking on Actor (LMB): StaticMeshActor (Cube10)
[2020.11.20-02.29.14:079][983]LogEditorViewport: Clicking on Actor (LMB): StaticMeshActor (Cube11)
[2020.11.20-02.29.15:480][ 84]LogEditorViewport: Clicking on Actor (LMB): StaticMeshActor (Cube12)
[2020.11.20-02.29.17:331][219]LogEditorViewport: Clicking on Actor (LMB): StaticMeshActor (Cube15)
[2020.11.20-02.29.18:672][310]LogEditorViewport: Clicking on Actor (LMB): StaticMeshActor (Cube16)
[2020.11.20-02.29.19:658][377]LogEditorViewport: Clicking on Actor (LMB): StaticMeshActor (Cube17)
[2020.11.20-02.29.23:401][642]LogEditorViewport: Clicking Background
[2020.11.20-02.29.53:185][ 47]LogAssetEditorSubsystem: Opening Asset editor for Blueprint /Game/BP_Blinky.BP_Blinky
[2020.11.20-03.45.15:889][560]LogEditorViewport: Clicking on Actor (LMB): BP_Player_C (BP_Player)
[2020.11.20-03.45.17:497][739]Cmd: EDIT COPY
[2020.11.20-03.45.18:199][812]Cmd: EDIT PASTE
[2020.11.20-03.45.19:743][987]LogEditorViewport: Clicking on Actor (LMB): StaticMeshActor (Cube40)
[2020.11.20-03.45.20:610][ 84]LogEditorViewport: Clicking on Actor (LMB): BP_Player_C (BP_Player2)
[2020.11.20-03.45.23:962][452]Cmd: TRANSACTION UNDO
[2020.11.20-03.45.23:962][452]LogEditorTransaction: Undo Move Actors
[2020.11.20-03.45.25:171][543]Cmd: TRANSACTION UNDO
[2020.11.20-03.45.25:171][543]LogEditorTransaction: Undo Clicking on Actors
[2020.11.20-03.45.27:063][753]Cmd: TRANSACTION UNDO
[2020.11.20-03.45.27:063][753]LogEditorTransaction: Undo Clicking on Actors
[2020.11.20-03.46.57:904][366]LogWorld: UWorld::CleanupWorld for World_1, bSessionEnded=true, bCleanupResources=true
[2020.11.20-03.46.57:904][366]LogSlate: InvalidateAllWidgets triggered.  All widgets were invalidated
[2020.11.20-03.47.00:874][615]LogAssetEditorSubsystem: Opening Asset editor for Blueprint /Game/BP_Player.BP_Player
[2020.11.20-03.47.05:783][928]LogWorld: UWorld::CleanupWorld for World_6, bSessionEnded=true, bCleanupResources=true
[2020.11.20-03.47.05:783][928]LogSlate: InvalidateAllWidgets triggered.  All widgets were invalidated
[2020.11.20-03.47.08:406][172]LogTemp: Repeating last play command: Selected Viewport
[2020.11.20-03.47.08:427][172]LogPlayLevel: PlayLevel: No blueprints needed recompiling
[2020.11.20-03.47.08:428][172]PIE: New page: PIE session: GameScene (Nov 19, 2020, 3:47:08 PM)
[2020.11.20-03.47.08:430][172]LogOnline: OSS: Creating online subsystem instance for: NULL
[2020.11.20-03.47.08:432][172]LogOnline: OSS: TryLoadSubsystemAndSetDefault: Loaded subsystem for module [NULL]
[2020.11.20-03.47.08:432][172]LogPlayLevel: Creating play world package: /Game/UEDPIE_0_GameScene
[2020.11.20-03.47.08:438][172]LogPlayLevel: PIE: StaticDuplicateObject took: (0.005778s)
[2020.11.20-03.47.08:439][172]LogAIModule: Creating AISystem for world GameScene
[2020.11.20-03.47.08:439][172]LogAISub: UAISubsystem::UAISubsystem EnvQueryManager (000002568380CE00), frame # 61172
[2020.11.20-03.47.08:439][172]LogAISub: UAISubsystem::UAISubsystem AIPerceptionSystem (000002567E679440), frame # 61172
[2020.11.20-03.47.08:439][172]LogPlayLevel: PIE: World Init took: (0.001452s)
[2020.11.20-03.47.08:439][172]LogPlayLevel: PIE: Created PIE world by copying editor world from /Game/GameScene.GameScene to /Game/UEDPIE_0_GameScene.GameScene (0.007502s)
[2020.11.20-03.47.08:516][172]LogUObjectHash: Compacting FUObjectHashTables data took   3.78ms
[2020.11.20-03.47.08:529][172]LogAudioMixer: Display: Audio Mixer Platform Settings:
[2020.11.20-03.47.08:529][172]LogAudioMixer: Display: 	Sample Rate:						  48000
[2020.11.20-03.47.08:529][172]LogAudioMixer: Display: 	Callback Buffer Frame Size Requested: 1024
[2020.11.20-03.47.08:529][172]LogAudioMixer: Display: 	Callback Buffer Frame Size To Use:	  1024
[2020.11.20-03.47.08:529][172]LogAudioMixer: Display: 	Number of buffers to queue:			  2
[2020.11.20-03.47.08:529][172]LogAudioMixer: Display: 	Max Channels (voices):				  32
[2020.11.20-03.47.08:530][172]LogAudioMixer: Display: 	Number of Async Source Workers:		  0
[2020.11.20-03.47.08:530][172]LogAudio: Display: AudioDevice MaxSources: 32
[2020.11.20-03.47.08:530][172]LogAudio: Display: Using built-in audio occlusion.
[2020.11.20-03.47.08:530][172]LogAudioMixer: Display: Initializing audio mixer.
[2020.11.20-03.47.08:536][172]LogAudioMixer: Display: 0: FrontLeft
[2020.11.20-03.47.08:536][172]LogAudioMixer: Display: 1: FrontRight
[2020.11.20-03.47.08:577][172]LogAudioMixer: Display: Using Audio Device Speakers / Headphones (Realtek High Definition Audio)
[2020.11.20-03.47.08:577][172]LogAudioMixer: Display: Initializing Sound Submixes...
[2020.11.20-03.47.08:577][172]LogAudioMixer: Display: Creating Master Submix 'MasterSubmixDefault'
[2020.11.20-03.47.08:577][172]LogAudioMixer: Display: Creating Master Submix 'MasterReverbSubmixDefault'
[2020.11.20-03.47.08:579][172]LogAudioMixer: Display: Creating Master Submix 'MasterEQSubmixDefault'
[2020.11.20-03.47.08:591][172]LogInit: FAudioDevice initialized.
[2020.11.20-03.47.08:616][172]LogLoad: Game class is 'BP_GM_C'
[2020.11.20-03.47.08:620][172]LogWorld: Bringing World /Game/UEDPIE_0_GameScene.GameScene up for play (max tick rate 0) at 2020.11.19-21.47.08
[2020.11.20-03.47.08:621][172]LogWorld: Bringing up level for play took: 0.001803
[2020.11.20-03.47.08:621][172]LogOnline: OSS: Creating online subsystem instance for: :Context_8
[2020.11.20-03.47.08:626][172]LogContentBrowser: Native class hierarchy updated for 'MovieSceneCapture' in 0.0015 seconds. Added 20 classes and 0 folders.
[2020.11.20-03.47.08:708][172]PIE: Server logged in
[2020.11.20-03.47.08:711][172]PIE: Play in editor total start time 0.287 seconds.
[2020.11.20-03.47.11:182][286]LogSlate: Updating window title bar state: overlay mode, drag disabled, window buttons hidden, title bar hidden
[2020.11.20-03.47.11:182][286]LogWorld: BeginTearingDown for /Game/UEDPIE_0_GameScene
[2020.11.20-03.47.11:182][286]LogWorld: UWorld::CleanupWorld for GameScene, bSessionEnded=true, bCleanupResources=true
[2020.11.20-03.47.11:185][286]LogSlate: InvalidateAllWidgets triggered.  All widgets were invalidated
[2020.11.20-03.47.11:193][286]LogPlayLevel: Display: Shutting down PIE online subsystems
[2020.11.20-03.47.11:197][286]LogSlate: InvalidateAllWidgets triggered.  All widgets were invalidated
[2020.11.20-03.47.11:222][286]LogSlate: Updating window title bar state: overlay mode, drag disabled, window buttons hidden, title bar hidden
[2020.11.20-03.47.11:254][286]LogAISub: UAISubsystem::~UAISubsystem EnvQueryManager (000002568380CE00), frame # 61286
[2020.11.20-03.47.11:254][286]LogAISub: UAISubsystem::~UAISubsystem AIPerceptionSystem (000002567E679440), frame # 61286
[2020.11.20-03.47.11:288][286]LogUObjectHash: Compacting FUObjectHashTables data took   3.87ms
[2020.11.20-03.47.11:320][287]LogPlayLevel: Display: Destroying online subsystem :Context_8
[2020.11.20-03.47.13:949][591]LogTemp: Repeating last play command: Selected Viewport
[2020.11.20-03.47.13:969][591]LogPlayLevel: PlayLevel: No blueprints needed recompiling
[2020.11.20-03.47.13:969][591]PIE: New page: PIE session: GameScene (Nov 19, 2020, 3:47:13 PM)
[2020.11.20-03.47.13:969][591]LogPlayLevel: Creating play world package: /Game/UEDPIE_0_GameScene
[2020.11.20-03.47.13:974][591]LogPlayLevel: PIE: StaticDuplicateObject took: (0.004786s)
[2020.11.20-03.47.13:975][591]LogAIModule: Creating AISystem for world GameScene
[2020.11.20-03.47.13:975][591]LogAISub: UAISubsystem::UAISubsystem EnvQueryManager (00000256920EE800), frame # 61591
[2020.11.20-03.47.13:975][591]LogAISub: UAISubsystem::UAISubsystem AIPerceptionSystem (0000025672837B00), frame # 61591
[2020.11.20-03.47.13:975][591]LogPlayLevel: PIE: World Init took: (0.001129s)
[2020.11.20-03.47.13:975][591]LogPlayLevel: PIE: Created PIE world by copying editor world from /Game/GameScene.GameScene to /Game/UEDPIE_0_GameScene.GameScene (0.006041s)
[2020.11.20-03.47.14:006][591]LogUObjectHash: Compacting FUObjectHashTables data took   2.82ms
[2020.11.20-03.47.14:009][591]LogAudioMixer: Display: Audio Mixer Platform Settings:
[2020.11.20-03.47.14:009][591]LogAudioMixer: Display: 	Sample Rate:						  48000
[2020.11.20-03.47.14:009][591]LogAudioMixer: Display: 	Callback Buffer Frame Size Requested: 1024
[2020.11.20-03.47.14:009][591]LogAudioMixer: Display: 	Callback Buffer Frame Size To Use:	  1024
[2020.11.20-03.47.14:009][591]LogAudioMixer: Display: 	Number of buffers to queue:			  2
[2020.11.20-03.47.14:009][591]LogAudioMixer: Display: 	Max Channels (voices):				  32
[2020.11.20-03.47.14:009][591]LogAudioMixer: Display: 	Number of Async Source Workers:		  0
[2020.11.20-03.47.14:009][591]LogAudio: Display: AudioDevice MaxSources: 32
[2020.11.20-03.47.14:009][591]LogAudio: Display: Using built-in audio occlusion.
[2020.11.20-03.47.14:009][591]LogAudioMixer: Display: Initializing audio mixer.
[2020.11.20-03.47.14:012][591]LogAudioMixer: Display: 0: FrontLeft
[2020.11.20-03.47.14:012][591]LogAudioMixer: Display: 1: FrontRight
[2020.11.20-03.47.14:047][591]LogAudioMixer: Display: Using Audio Device Speakers / Headphones (Realtek High Definition Audio)
[2020.11.20-03.47.14:047][591]LogAudioMixer: Display: Initializing Sound Submixes...
[2020.11.20-03.47.14:047][591]LogAudioMixer: Display: Creating Master Submix 'MasterSubmixDefault'
[2020.11.20-03.47.14:047][591]LogAudioMixer: Display: Creating Master Submix 'MasterReverbSubmixDefault'
[2020.11.20-03.47.14:047][591]LogAudioMixer: Display: Creating Master Submix 'MasterEQSubmixDefault'
[2020.11.20-03.47.14:060][591]LogInit: FAudioDevice initialized.
[2020.11.20-03.47.14:071][591]LogLoad: Game class is 'BP_GM_C'
[2020.11.20-03.47.14:072][591]LogWorld: Bringing World /Game/UEDPIE_0_GameScene.GameScene up for play (max tick rate 0) at 2020.11.19-21.47.14
[2020.11.20-03.47.14:072][591]LogWorld: Bringing up level for play took: 0.001314
[2020.11.20-03.47.14:073][591]LogOnline: OSS: Creating online subsystem instance for: :Context_9
[2020.11.20-03.47.14:155][591]PIE: Server logged in
[2020.11.20-03.47.14:156][591]PIE: Play in editor total start time 0.191 seconds.
[2020.11.20-03.47.41:692][406]LogSlate: Updating window title bar state: overlay mode, drag disabled, window buttons hidden, title bar hidden
[2020.11.20-03.47.41:692][406]LogWorld: BeginTearingDown for /Game/UEDPIE_0_GameScene
[2020.11.20-03.47.41:692][406]LogWorld: UWorld::CleanupWorld for GameScene, bSessionEnded=true, bCleanupResources=true
[2020.11.20-03.47.41:695][406]LogSlate: InvalidateAllWidgets triggered.  All widgets were invalidated
[2020.11.20-03.47.41:705][406]LogPlayLevel: Display: Shutting down PIE online subsystems
[2020.11.20-03.47.41:710][406]LogSlate: InvalidateAllWidgets triggered.  All widgets were invalidated
[2020.11.20-03.47.41:753][406]LogSlate: Updating window title bar state: overlay mode, drag disabled, window buttons hidden, title bar hidden
[2020.11.20-03.47.41:754][406]LogAISub: UAISubsystem::~UAISubsystem AIPerceptionSystem (0000025672837B00), frame # 63406
[2020.11.20-03.47.41:754][406]LogAISub: UAISubsystem::~UAISubsystem EnvQueryManager (00000256920EE800), frame # 63406
[2020.11.20-03.47.41:758][406]LogUObjectHash: Compacting FUObjectHashTables data took   2.71ms
[2020.11.20-03.47.41:796][407]LogPlayLevel: Display: Destroying online subsystem :Context_9
[2020.11.20-03.47.49:722][334]LogEditorViewport: Clicking on Actor (LMB): BP_Player_C (BP_Blinky)
[2020.11.20-03.48.16:845][451]Cmd: DELETE
[2020.11.20-03.48.16:845][451]Cmd: ACTOR DELETE
[2020.11.20-03.48.16:846][451]LogEditorActor: Deleted Actor: BP_Player_C
[2020.11.20-03.48.16:876][451]LogUObjectHash: Compacting FUObjectHashTables data took   2.86ms
[2020.11.20-03.48.16:879][451]LogEditorActor: Deleted 1 Actors (0.034 secs)
[2020.11.20-03.48.33:954][347]LogEditorViewport: Clicking on Actor (LMB): BP_Player_C (BP_Player)
[2020.11.20-03.48.35:317][504]LogEditorViewport: Clicking on Actor (LMB): BP_Blinky_C (BP_Blinky)
[2020.11.20-03.48.44:524][547]LogEditorViewport: Clicking on Actor (LMB): BP_Player_C (BP_Player)
[2020.11.20-03.48.47:250][866]LogEditorViewport: Clicking on Actor (LMB): BP_Blinky_C (BP_Blinky)
[2020.11.20-03.49.00:524][385]LogEditorViewport: Clicking on Actor (LMB): BP_Player_C (BP_Player)
[2020.11.20-03.49.03:115][683]LogEditorViewport: Clicking on Actor (LMB): BP_Blinky_C (BP_Blinky)
[2020.11.20-03.49.47:768][775]LogEditorViewport: Clicking on Actor (LMB): BP_Player_C (BP_Player)
[2020.11.20-03.49.49:041][922]LogEditorViewport: Clicking on Actor (LMB): BP_Blinky_C (BP_Blinky)
[2020.11.20-03.50.10:513][364]LogTemp: Repeating last play command: Selected Viewport
[2020.11.20-03.50.10:542][364]LogPlayLevel: PlayLevel: No blueprints needed recompiling
[2020.11.20-03.50.10:542][364]PIE: New page: PIE session: GameScene (Nov 19, 2020, 3:50:10 PM)
[2020.11.20-03.50.10:568][364]LogPlayLevel: Creating play world package: /Game/UEDPIE_0_GameScene
[2020.11.20-03.50.10:573][364]LogPlayLevel: PIE: StaticDuplicateObject took: (0.005240s)
[2020.11.20-03.50.10:576][364]LogAIModule: Creating AISystem for world GameScene
[2020.11.20-03.50.10:576][364]LogAISub: UAISubsystem::UAISubsystem EnvQueryManager (00000256925C3E00), frame # 80364
[2020.11.20-03.50.10:576][364]LogAISub: UAISubsystem::UAISubsystem AIPerceptionSystem (000002567288A5C0), frame # 80364
[2020.11.20-03.50.10:577][364]LogPlayLevel: PIE: World Init took: (0.003138s)
[2020.11.20-03.50.10:577][364]LogPlayLevel: PIE: Created PIE world by copying editor world from /Game/GameScene.GameScene to /Game/UEDPIE_0_GameScene.GameScene (0.008542s)
[2020.11.20-03.50.10:609][364]LogUObjectHash: Compacting FUObjectHashTables data took   3.43ms
[2020.11.20-03.50.10:614][364]LogAudioMixer: Display: Audio Mixer Platform Settings:
[2020.11.20-03.50.10:614][364]LogAudioMixer: Display: 	Sample Rate:						  48000
[2020.11.20-03.50.10:614][364]LogAudioMixer: Display: 	Callback Buffer Frame Size Requested: 1024
[2020.11.20-03.50.10:614][364]LogAudioMixer: Display: 	Callback Buffer Frame Size To Use:	  1024
[2020.11.20-03.50.10:614][364]LogAudioMixer: Display: 	Number of buffers to queue:			  2
[2020.11.20-03.50.10:614][364]LogAudioMixer: Display: 	Max Channels (voices):				  32
[2020.11.20-03.50.10:614][364]LogAudioMixer: Display: 	Number of Async Source Workers:		  0
[2020.11.20-03.50.10:614][364]LogAudio: Display: AudioDevice MaxSources: 32
[2020.11.20-03.50.10:614][364]LogAudio: Display: Using built-in audio occlusion.
[2020.11.20-03.50.10:614][364]LogAudioMixer: Display: Initializing audio mixer.
[2020.11.20-03.50.10:619][364]LogAudioMixer: Display: 0: FrontLeft
[2020.11.20-03.50.10:619][364]LogAudioMixer: Display: 1: FrontRight
[2020.11.20-03.50.10:658][364]LogAudioMixer: Display: Using Audio Device Speakers / Headphones (Realtek High Definition Audio)
[2020.11.20-03.50.10:658][364]LogAudioMixer: Display: Initializing Sound Submixes...
[2020.11.20-03.50.10:658][364]LogAudioMixer: Display: Creating Master Submix 'MasterSubmixDefault'
[2020.11.20-03.50.10:658][364]LogAudioMixer: Display: Creating Master Submix 'MasterReverbSubmixDefault'
[2020.11.20-03.50.10:659][364]LogAudioMixer: Display: Creating Master Submix 'MasterEQSubmixDefault'
[2020.11.20-03.50.10:669][364]LogInit: FAudioDevice initialized.
[2020.11.20-03.50.10:678][364]LogLoad: Game class is 'BP_GM_C'
[2020.11.20-03.50.10:680][364]LogWorld: Bringing World /Game/UEDPIE_0_GameScene.GameScene up for play (max tick rate 0) at 2020.11.19-21.50.10
[2020.11.20-03.50.10:680][364]LogWorld: Bringing up level for play took: 0.001443
[2020.11.20-03.50.10:681][364]LogOnline: OSS: Creating online subsystem instance for: :Context_10
[2020.11.20-03.50.10:761][364]PIE: Server logged in
[2020.11.20-03.50.10:762][364]PIE: Play in editor total start time 0.231 seconds.
[2020.11.20-03.50.13:601][501]LogScript: Warning: Script Msg: Attempted to access index -1 from array 'board' of length 784 in '/Game/BP_Grid.BP_Grid_C'!
[2020.11.20-03.50.13:623][502]LogScript: Warning: Script Msg: Attempted to access index -1 from array 'board' of length 784 in '/Game/BP_Grid.BP_Grid_C'!
[2020.11.20-03.50.13:642][503]LogScript: Warning: Script Msg: Attempted to access index -1 from array 'board' of length 784 in '/Game/BP_Grid.BP_Grid_C'!
[2020.11.20-03.50.13:661][504]LogScript: Warning: Script Msg: Attempted to access index -1 from array 'board' of length 784 in '/Game/BP_Grid.BP_Grid_C'!
[2020.11.20-03.50.13:681][505]LogScript: Warning: Script Msg: Attempted to access index -1 from array 'board' of length 784 in '/Game/BP_Grid.BP_Grid_C'!
[2020.11.20-03.50.13:700][506]LogScript: Warning: Script Msg: Attempted to access index -1 from array 'board' of length 784 in '/Game/BP_Grid.BP_Grid_C'!
[2020.11.20-03.50.13:720][507]LogScript: Warning: Script Msg: Attempted to access index -1 from array 'board' of length 784 in '/Game/BP_Grid.BP_Grid_C'!
[2020.11.20-03.50.13:740][508]LogScript: Warning: Script Msg: Attempted to access index -1 from array 'board' of length 784 in '/Game/BP_Grid.BP_Grid_C'!
[2020.11.20-03.50.13:741][508]LogScript: Warning: Script Msg: Attempted to access index -1 from array 'board' of length 784 in '/Game/BP_Grid.BP_Grid_C'!
[2020.11.20-03.50.13:742][508]LogScript: Warning: Script Msg: Attempted to access index -1 from array 'boardMeshes' of length 784 in '/Game/BP_Grid.BP_Grid_C'!
[2020.11.20-03.50.13:742][508]LogScript: Warning: Accessed None trying to read property CallFunc_Array_Get_Item
	BP_Grid_C /Game/UEDPIE_0_GameScene.GameScene:PersistentLevel.BP_Grid_11
	Function /Game/BP_Grid.BP_Grid_C:GetCellLocation:0059
[2020.11.20-03.50.13:742][508]PIE: Error: Blueprint Runtime Error: "Accessed None trying to read property CallFunc_Array_Get_Item". Blueprint:  BP_Grid Function:  Get Cell Location Graph:  GetCellLocation Node:  Return Node
[2020.11.20-03.50.13:764][509]LogScript: Warning: Script Msg: Attempted to access index -1 from array 'board' of length 784 in '/Game/BP_Grid.BP_Grid_C'!
[2020.11.20-03.50.13:784][510]LogScript: Warning: Script Msg: Attempted to access index -1 from array 'board' of length 784 in '/Game/BP_Grid.BP_Grid_C'!
[2020.11.20-03.50.13:803][511]LogScript: Warning: Script Msg: Attempted to access index -1 from array 'board' of length 784 in '/Game/BP_Grid.BP_Grid_C'!
[2020.11.20-03.50.13:822][512]LogScript: Warning: Script Msg: Attempted to access index -1 from array 'board' of length 784 in '/Game/BP_Grid.BP_Grid_C'!
[2020.11.20-03.50.13:842][513]LogScript: Warning: Script Msg: Attempted to access index -1 from array 'board' of length 784 in '/Game/BP_Grid.BP_Grid_C'!
[2020.11.20-03.50.13:861][514]LogScript: Warning: Script Msg: Attempted to access index -1 from array 'board' of length 784 in '/Game/BP_Grid.BP_Grid_C'!
[2020.11.20-03.50.13:881][515]LogScript: Warning: Script Msg: Attempted to access index -1 from array 'board' of length 784 in '/Game/BP_Grid.BP_Grid_C'!
[2020.11.20-03.50.13:901][516]LogScript: Warning: Script Msg: Attempted to access index -1 from array 'board' of length 784 in '/Game/BP_Grid.BP_Grid_C'!
[2020.11.20-03.50.13:921][517]LogScript: Warning: Script Msg: Attempted to access index -1 from array 'board' of length 784 in '/Game/BP_Grid.BP_Grid_C'!
[2020.11.20-03.50.13:941][518]LogScript: Warning: Script Msg: Attempted to access index -1 from array 'board' of length 784 in '/Game/BP_Grid.BP_Grid_C'!
[2020.11.20-03.50.13:942][518]LogScript: Warning: Script Msg: Attempted to access index -1 from array 'board' of length 784 in '/Game/BP_Grid.BP_Grid_C'!
[2020.11.20-03.50.13:942][518]LogScript: Warning: Script Msg: Attempted to access index -1 from array 'boardMeshes' of length 784 in '/Game/BP_Grid.BP_Grid_C'!
[2020.11.20-03.50.13:942][518]LogScript: Warning: Accessed None trying to read property CallFunc_Array_Get_Item
	BP_Grid_C /Game/UEDPIE_0_GameScene.GameScene:PersistentLevel.BP_Grid_11
	Function /Game/BP_Grid.BP_Grid_C:GetCellLocation:0059
[2020.11.20-03.50.13:942][518]PIE: Error: Blueprint Runtime Error: "Accessed None trying to read property CallFunc_Array_Get_Item". Blueprint:  BP_Grid Function:  Get Cell Location Graph:  GetCellLocation Node:  Return Node
[2020.11.20-03.50.13:964][519]LogScript: Warning: Script Msg: Attempted to access index -1 from array 'board' of length 784 in '/Game/BP_Grid.BP_Grid_C'!
[2020.11.20-03.50.13:983][520]LogScript: Warning: Script Msg: Attempted to access index -1 from array 'board' of length 784 in '/Game/BP_Grid.BP_Grid_C'!
[2020.11.20-03.50.14:003][521]LogScript: Warning: Script Msg: Attempted to access index -1 from array 'board' of length 784 in '/Game/BP_Grid.BP_Grid_C'!
[2020.11.20-03.50.14:022][522]LogScript: Warning: Script Msg: Attempted to access index -1 from array 'board' of length 784 in '/Game/BP_Grid.BP_Grid_C'!
[2020.11.20-03.50.14:042][523]LogScript: Warning: Script Msg: Attempted to access index -1 from array 'board' of length 784 in '/Game/BP_Grid.BP_Grid_C'!
[2020.11.20-03.50.14:062][524]LogScript: Warning: Script Msg: Attempted to access index -1 from array 'board' of length 784 in '/Game/BP_Grid.BP_Grid_C'!
[2020.11.20-03.50.14:082][525]LogScript: Warning: Script Msg: Attempted to access index -1 from array 'board' of length 784 in '/Game/BP_Grid.BP_Grid_C'!
[2020.11.20-03.50.14:102][526]LogScript: Warning: Script Msg: Attempted to access index -1 from array 'board' of length 784 in '/Game/BP_Grid.BP_Grid_C'!
[2020.11.20-03.50.14:121][527]LogScript: Warning: Script Msg: Attempted to access index -1 from array 'board' of length 784 in '/Game/BP_Grid.BP_Grid_C'!
[2020.11.20-03.50.14:140][528]LogScript: Warning: Script Msg: Attempted to access index -1 from array 'board' of length 784 in '/Game/BP_Grid.BP_Grid_C'!
[2020.11.20-03.50.14:160][529]LogScript: Warning: Script Msg: Attempted to access index -1 from array 'board' of length 784 in '/Game/BP_Grid.BP_Grid_C'!
[2020.11.20-03.50.14:161][529]LogScript: Warning: Script Msg: Attempted to access index -1 from array 'board' of length 784 in '/Game/BP_Grid.BP_Grid_C'!
[2020.11.20-03.50.14:161][529]LogScript: Warning: Script Msg: Attempted to access index -1 from array 'boardMeshes' of length 784 in '/Game/BP_Grid.BP_Grid_C'!
[2020.11.20-03.50.14:161][529]LogScript: Warning: Accessed None trying to read property CallFunc_Array_Get_Item
	BP_Grid_C /Game/UEDPIE_0_GameScene.GameScene:PersistentLevel.BP_Grid_11
	Function /Game/BP_Grid.BP_Grid_C:GetCellLocation:0059
[2020.11.20-03.50.14:161][529]PIE: Error: Blueprint Runtime Error: "Accessed None trying to read property CallFunc_Array_Get_Item". Blueprint:  BP_Grid Function:  Get Cell Location Graph:  GetCellLocation Node:  Return Node
[2020.11.20-03.50.14:183][530]LogScript: Warning: Script Msg: Attempted to access index -1 from array 'board' of length 784 in '/Game/BP_Grid.BP_Grid_C'!
[2020.11.20-03.50.14:204][531]LogScript: Warning: Script Msg: Attempted to access index -1 from array 'board' of length 784 in '/Game/BP_Grid.BP_Grid_C'!
[2020.11.20-03.50.14:224][532]LogScript: Warning: Script Msg: Attempted to access index -1 from array 'board' of length 784 in '/Game/BP_Grid.BP_Grid_C'!
[2020.11.20-03.50.14:243][533]LogScript: Warning: Script Msg: Attempted to access index -1 from array 'board' of length 784 in '/Game/BP_Grid.BP_Grid_C'!
[2020.11.20-03.50.14:261][534]LogScript: Warning: Script Msg: Attempted to access index -1 from array 'board' of length 784 in '/Game/BP_Grid.BP_Grid_C'!
[2020.11.20-03.50.14:280][535]LogScript: Warning: Script Msg: Attempted to access index -1 from array 'board' of length 784 in '/Game/BP_Grid.BP_Grid_C'!
[2020.11.20-03.50.14:302][536]LogScript: Warning: Script Msg: Attempted to access index -1 from array 'board' of length 784 in '/Game/BP_Grid.BP_Grid_C'!
[2020.11.20-03.50.14:321][537]LogScript: Warning: Script Msg: Attempted to access index -1 from array 'board' of length 784 in '/Game/BP_Grid.BP_Grid_C'!
[2020.11.20-03.50.14:341][538]LogScript: Warning: Script Msg: Attempted to access index -1 from array 'board' of length 784 in '/Game/BP_Grid.BP_Grid_C'!
[2020.11.20-03.50.14:361][539]LogScript: Warning: Script Msg: Attempted to access index -1 from array 'board' of length 784 in '/Game/BP_Grid.BP_Grid_C'!
[2020.11.20-03.50.14:362][539]LogScript: Warning: Script Msg: Attempted to access index -1 from array 'board' of length 784 in '/Game/BP_Grid.BP_Grid_C'!
[2020.11.20-03.50.14:362][539]LogScript: Warning: Script Msg: Attempted to access index -1 from array 'boardMeshes' of length 784 in '/Game/BP_Grid.BP_Grid_C'!
[2020.11.20-03.50.14:362][539]LogScript: Warning: Accessed None trying to read property CallFunc_Array_Get_Item
	BP_Grid_C /Game/UEDPIE_0_GameScene.GameScene:PersistentLevel.BP_Grid_11
	Function /Game/BP_Grid.BP_Grid_C:GetCellLocation:0059
[2020.11.20-03.50.14:363][539]PIE: Error: Blueprint Runtime Error: "Accessed None trying to read property CallFunc_Array_Get_Item". Blueprint:  BP_Grid Function:  Get Cell Location Graph:  GetCellLocation Node:  Return Node
[2020.11.20-03.50.14:385][540]LogScript: Warning: Script Msg: Attempted to access index -1 from array 'board' of length 784 in '/Game/BP_Grid.BP_Grid_C'!
[2020.11.20-03.50.14:404][541]LogScript: Warning: Script Msg: Attempted to access index -1 from array 'board' of length 784 in '/Game/BP_Grid.BP_Grid_C'!
[2020.11.20-03.50.14:424][542]LogScript: Warning: Script Msg: Attempted to access index -1 from array 'board' of length 784 in '/Game/BP_Grid.BP_Grid_C'!
[2020.11.20-03.50.14:443][543]LogScript: Warning: Script Msg: Attempted to access index -1 from array 'board' of length 784 in '/Game/BP_Grid.BP_Grid_C'!
[2020.11.20-03.50.14:462][544]LogScript: Warning: Script Msg: Attempted to access index -1 from array 'board' of length 784 in '/Game/BP_Grid.BP_Grid_C'!
[2020.11.20-03.50.14:483][545]LogScript: Warning: Script Msg: Attempted to access index -1 from array 'board' of length 784 in '/Game/BP_Grid.BP_Grid_C'!
[2020.11.20-03.50.14:503][546]LogScript: Warning: Script Msg: Attempted to access index -1 from array 'board' of length 784 in '/Game/BP_Grid.BP_Grid_C'!
[2020.11.20-03.50.14:523][547]LogScript: Warning: Script Msg: Attempted to access index -1 from array 'board' of length 784 in '/Game/BP_Grid.BP_Grid_C'!
[2020.11.20-03.50.14:542][548]LogScript: Warning: Script Msg: Attempted to access index -1 from array 'board' of length 784 in '/Game/BP_Grid.BP_Grid_C'!
[2020.11.20-03.50.14:561][549]LogScript: Warning: Script Msg: Attempted to access index -1 from array 'board' of length 784 in '/Game/BP_Grid.BP_Grid_C'!
[2020.11.20-03.50.14:581][550]LogScript: Warning: Script Msg: Attempted to access index -1 from array 'board' of length 784 in '/Game/BP_Grid.BP_Grid_C'!
[2020.11.20-03.50.14:583][550]LogScript: Warning: Script Msg: Attempted to access index -1 from array 'board' of length 784 in '/Game/BP_Grid.BP_Grid_C'!
[2020.11.20-03.50.14:583][550]LogScript: Warning: Script Msg: Attempted to access index -1 from array 'boardMeshes' of length 784 in '/Game/BP_Grid.BP_Grid_C'!
[2020.11.20-03.50.14:583][550]LogScript: Warning: Accessed None trying to read property CallFunc_Array_Get_Item
	BP_Grid_C /Game/UEDPIE_0_GameScene.GameScene:PersistentLevel.BP_Grid_11
	Function /Game/BP_Grid.BP_Grid_C:GetCellLocation:0059
[2020.11.20-03.50.14:583][550]PIE: Error: Blueprint Runtime Error: "Accessed None trying to read property CallFunc_Array_Get_Item". Blueprint:  BP_Grid Function:  Get Cell Location Graph:  GetCellLocation Node:  Return Node
[2020.11.20-03.50.14:621][550]LogSlate: Updating window title bar state: overlay mode, drag disabled, window buttons hidden, title bar hidden
[2020.11.20-03.50.14:621][550]LogWorld: BeginTearingDown for /Game/UEDPIE_0_GameScene
[2020.11.20-03.50.14:622][550]LogWorld: UWorld::CleanupWorld for GameScene, bSessionEnded=true, bCleanupResources=true
[2020.11.20-03.50.14:625][550]LogSlate: InvalidateAllWidgets triggered.  All widgets were invalidated
[2020.11.20-03.50.14:637][550]LogPlayLevel: Display: Shutting down PIE online subsystems
[2020.11.20-03.50.14:641][550]LogSlate: InvalidateAllWidgets triggered.  All widgets were invalidated
[2020.11.20-03.50.14:683][550]LogSlate: Updating window title bar state: overlay mode, drag disabled, window buttons hidden, title bar hidden
[2020.11.20-03.50.14:685][550]LogAISub: UAISubsystem::~UAISubsystem EnvQueryManager (00000256925C3E00), frame # 80550
[2020.11.20-03.50.14:686][550]LogAISub: UAISubsystem::~UAISubsystem AIPerceptionSystem (000002567288A5C0), frame # 80550
[2020.11.20-03.50.14:688][550]LogUObjectHash: Compacting FUObjectHashTables data took   2.75ms
[2020.11.20-03.50.14:824][550]LogSlate: Took 0.000173 seconds to synchronously load lazily loaded font '../../../Engine/Content/Slate/Fonts/DroidSansMono.ttf' (77K)
[2020.11.20-03.50.14:838][551]LogPlayLevel: Display: Destroying online subsystem :Context_10
[2020.11.20-03.50.21:348][290]LogSlate: Window 'Message Log' being destroyed
[2020.11.20-03.50.21:353][290]LogSlate: Window 'Message Log' being destroyed
[2020.11.20-03.50.24:570][655]LogEditorViewport: Clicking on Actor (LMB): BP_Blinky_C (BP_Blinky)
[2020.11.20-03.50.34:651][776]LogEditorViewport: Clicking on Actor (LMB): BP_Player_C (BP_Player)
[2020.11.20-03.50.40:681][474]LogEditorViewport: Clicking on Actor (LMB): BP_Blinky_C (BP_Blinky)
[2020.11.20-03.50.45:591][ 24]LogEditorViewport: Clicking on Actor (LMB): BP_Player_C (BP_Player)
[2020.11.20-03.50.48:105][314]LogEditorViewport: Clicking on Actor (LMB): BP_Blinky_C (BP_Blinky)
[2020.11.20-03.50.55:134][919]LogTemp: Repeating last play command: Selected Viewport
[2020.11.20-03.50.55:154][919]LogPlayLevel: PlayLevel: No blueprints needed recompiling
[2020.11.20-03.50.55:154][919]PIE: New page: PIE session: GameScene (Nov 19, 2020, 3:50:55 PM)
[2020.11.20-03.50.55:178][919]LogPlayLevel: Creating play world package: /Game/UEDPIE_0_GameScene
[2020.11.20-03.50.55:183][919]LogPlayLevel: PIE: StaticDuplicateObject took: (0.005127s)
[2020.11.20-03.50.55:184][919]LogAIModule: Creating AISystem for world GameScene
[2020.11.20-03.50.55:184][919]LogAISub: UAISubsystem::UAISubsystem EnvQueryManager (0000025691E26200), frame # 84919
[2020.11.20-03.50.55:184][919]LogAISub: UAISubsystem::UAISubsystem AIPerceptionSystem (000002567303ED40), frame # 84919
[2020.11.20-03.50.55:184][919]LogPlayLevel: PIE: World Init took: (0.001147s)
[2020.11.20-03.50.55:184][919]LogPlayLevel: PIE: Created PIE world by copying editor world from /Game/GameScene.GameScene to /Game/UEDPIE_0_GameScene.GameScene (0.006433s)
[2020.11.20-03.50.55:211][919]LogUObjectHash: Compacting FUObjectHashTables data took   2.61ms
[2020.11.20-03.50.55:216][919]LogAudioMixer: Display: Audio Mixer Platform Settings:
[2020.11.20-03.50.55:216][919]LogAudioMixer: Display: 	Sample Rate:						  48000
[2020.11.20-03.50.55:216][919]LogAudioMixer: Display: 	Callback Buffer Frame Size Requested: 1024
[2020.11.20-03.50.55:216][919]LogAudioMixer: Display: 	Callback Buffer Frame Size To Use:	  1024
[2020.11.20-03.50.55:216][919]LogAudioMixer: Display: 	Number of buffers to queue:			  2
[2020.11.20-03.50.55:216][919]LogAudioMixer: Display: 	Max Channels (voices):				  32
[2020.11.20-03.50.55:216][919]LogAudioMixer: Display: 	Number of Async Source Workers:		  0
[2020.11.20-03.50.55:216][919]LogAudio: Display: AudioDevice MaxSources: 32
[2020.11.20-03.50.55:216][919]LogAudio: Display: Using built-in audio occlusion.
[2020.11.20-03.50.55:216][919]LogAudioMixer: Display: Initializing audio mixer.
[2020.11.20-03.50.55:220][919]LogAudioMixer: Display: 0: FrontLeft
[2020.11.20-03.50.55:220][919]LogAudioMixer: Display: 1: FrontRight
[2020.11.20-03.50.55:255][919]LogAudioMixer: Display: Using Audio Device Speakers / Headphones (Realtek High Definition Audio)
[2020.11.20-03.50.55:255][919]LogAudioMixer: Display: Initializing Sound Submixes...
[2020.11.20-03.50.55:255][919]LogAudioMixer: Display: Creating Master Submix 'MasterSubmixDefault'
[2020.11.20-03.50.55:255][919]LogAudioMixer: Display: Creating Master Submix 'MasterReverbSubmixDefault'
[2020.11.20-03.50.55:255][919]LogAudioMixer: Display: Creating Master Submix 'MasterEQSubmixDefault'
[2020.11.20-03.50.55:267][919]LogInit: FAudioDevice initialized.
[2020.11.20-03.50.55:280][919]LogLoad: Game class is 'BP_GM_C'
[2020.11.20-03.50.55:282][919]LogWorld: Bringing World /Game/UEDPIE_0_GameScene.GameScene up for play (max tick rate 0) at 2020.11.19-21.50.55
[2020.11.20-03.50.55:282][919]LogWorld: Bringing up level for play took: 0.001387
[2020.11.20-03.50.55:282][919]LogOnline: OSS: Creating online subsystem instance for: :Context_11
[2020.11.20-03.50.55:366][919]PIE: Server logged in
[2020.11.20-03.50.55:366][919]PIE: Play in editor total start time 0.215 seconds.
[2020.11.20-03.50.57:872][ 42]LogSlate: Updating window title bar state: overlay mode, drag disabled, window buttons hidden, title bar hidden
[2020.11.20-03.50.57:872][ 42]LogWorld: BeginTearingDown for /Game/UEDPIE_0_GameScene
[2020.11.20-03.50.57:872][ 42]LogWorld: UWorld::CleanupWorld for GameScene, bSessionEnded=true, bCleanupResources=true
[2020.11.20-03.50.57:876][ 42]LogSlate: InvalidateAllWidgets triggered.  All widgets were invalidated
[2020.11.20-03.50.57:883][ 42]LogPlayLevel: Display: Shutting down PIE online subsystems
[2020.11.20-03.50.57:887][ 42]LogSlate: InvalidateAllWidgets triggered.  All widgets were invalidated
[2020.11.20-03.50.57:931][ 42]LogSlate: Updating window title bar state: overlay mode, drag disabled, window buttons hidden, title bar hidden
[2020.11.20-03.50.57:933][ 42]LogAISub: UAISubsystem::~UAISubsystem AIPerceptionSystem (000002567303ED40), frame # 85042
[2020.11.20-03.50.57:933][ 42]LogAISub: UAISubsystem::~UAISubsystem EnvQueryManager (0000025691E26200), frame # 85042
[2020.11.20-03.50.57:936][ 42]LogUObjectHash: Compacting FUObjectHashTables data took   2.76ms
[2020.11.20-03.50.57:972][ 43]LogPlayLevel: Display: Destroying online subsystem :Context_11
[2020.11.20-03.51.11:088][539]LogUObjectHash: Compacting FUObjectHashTables data took   2.57ms
[2020.11.20-03.51.11:125][539]Cmd: OBJ SAVEPACKAGE PACKAGE="/Game/GameScene" FILE="../../../../../../Users/Brayden/Documents/unreal/Pacman/PacManUE4/PacMan/Content/GameScene.umap" SILENT=true AUTOSAVING=false KEEPDIRTY=false
[2020.11.20-03.51.11:151][539]LogUObjectHash: Compacting FUObjectHashTables data took   0.62ms
[2020.11.20-03.51.11:211][539]LogSavePackage: Moving '../../../../../../Users/Brayden/Documents/unreal/Pacman/PacManUE4/PacMan/Saved/GameScene710BD09C4E3971901C0A9A9F46B9088E.tmp' to '../../../../../../Users/Brayden/Documents/unreal/Pacman/PacManUE4/PacMan/Content/GameScene.umap'
[2020.11.20-03.51.11:253][539]LogFileHelpers: Saving map 'GameScene' took 0.128
[2020.11.20-03.51.11:267][539]AssetCheck: New page: Asset Save: GameScene
[2020.11.20-03.51.11:267][539]LogContentValidation: Display: Validating World /Game/GameScene.GameScene
